{
  "stats": {
    "suites": 4,
    "tests": 9,
    "passes": 0,
    "pending": 0,
    "failures": 9,
    "start": "2022-03-05T10:25:35.435Z",
    "end": "2022-03-05T10:26:58.196Z",
    "duration": 82761,
    "testsRegistered": 9,
    "passPercent": 0,
    "pendingPercent": 0,
    "other": 0,
    "hasOther": false,
    "skipped": 0,
    "hasSkipped": false
  },
  "results": [
    {
      "uuid": "6a49cc8c-85fe-4590-bb8d-a9aa1cc06406",
      "title": "",
      "fullFile": "cypress/integration/bonus.spec.js",
      "file": "cypress/integration/bonus.spec.js",
      "beforeHooks": [],
      "afterHooks": [],
      "tests": [],
      "suites": [
        {
          "uuid": "a6039321-2bc1-4b71-b651-085fc874e7d3",
          "title": "12 - Adicione uma tabela à página",
          "fullFile": "",
          "file": "",
          "beforeHooks": [],
          "afterHooks": [],
          "tests": [
            {
              "title": "A página deve possuir uma tabela",
              "fullTitle": "12 - Adicione uma tabela à página A página deve possuir uma tabela",
              "timedOut": null,
              "duration": 11749,
              "state": "failed",
              "speed": null,
              "pass": false,
              "fail": true,
              "pending": false,
              "context": null,
              "code": "(0, _ActionBase.shouldExist)('table');",
              "err": {
                "message": "AssertionError: Timed out retrying: Expected to find element: `table`, but never found it.",
                "estack": "AssertionError: Timed out retrying: Expected to find element: `table`, but never found it.\n    at shouldExist (http://localhost:36791/__cypress/tests?p=cypress/integration/bonus.spec.js:108:20)\n    at Context.eval (http://localhost:36791/__cypress/tests?p=cypress/integration/bonus.spec.js:148:33)",
                "diff": null
              },
              "uuid": "806c491f-bb9b-47a8-8fc2-d12be66f0844",
              "parentUUID": "a6039321-2bc1-4b71-b651-085fc874e7d3",
              "isHook": false,
              "skipped": false
            }
          ],
          "suites": [],
          "passes": [],
          "failures": [
            "806c491f-bb9b-47a8-8fc2-d12be66f0844"
          ],
          "pending": [],
          "skipped": [],
          "duration": 11749,
          "root": false,
          "rootEmpty": false,
          "_timeout": 2000
        },
        {
          "uuid": "a29eb90b-d142-45d8-8152-01da23aaa28d",
          "title": "13 - Utilize o Box model",
          "fullFile": "",
          "file": "",
          "beforeHooks": [],
          "afterHooks": [],
          "tests": [
            {
              "title": "Altere `margin`, `padding` e `border` dos elementos para ver, na prática, como esses atributos influenciam e melhoram a visualização dos componentes",
              "fullTitle": "13 - Utilize o Box model Altere `margin`, `padding` e `border` dos elementos para ver, na prática, como esses atributos influenciam e melhoram a visualização dos componentes",
              "timedOut": null,
              "duration": 10192,
              "state": "failed",
              "speed": null,
              "pass": false,
              "fail": true,
              "pending": false,
              "context": null,
              "code": "cy.readFile('./style.css').then(function (content) {\n  var styles = ['margin', 'padding', 'border'];\n  expect(styles.every(function (style) {\n    return content.match(style);\n  }), 'Do not match styles margin, padding and border').to.be[\"true\"];\n});",
              "err": {
                "message": "AssertionError: Timed out retrying: `cy.readFile(\"./style.css\")` failed because the file does not exist at the following path:\n\n`/home/lippelt/github/trybe-projetos/sd-021-b-project-lessons-learned/style.css`\n\nhttps://on.cypress.io/readfile",
                "estack": "AssertionError: Timed out retrying: `cy.readFile(\"./style.css\")` failed because the file does not exist at the following path:\n\n`/home/lippelt/github/trybe-projetos/sd-021-b-project-lessons-learned/style.css`\n\nhttps://on.cypress.io/readfile\n    at Context.eval (http://localhost:36791/__cypress/tests?p=cypress/integration/bonus.spec.js:156:8)",
                "diff": null
              },
              "uuid": "44c466d1-e91b-4580-bc7e-b97e33f21012",
              "parentUUID": "a29eb90b-d142-45d8-8152-01da23aaa28d",
              "isHook": false,
              "skipped": false
            }
          ],
          "suites": [],
          "passes": [],
          "failures": [
            "44c466d1-e91b-4580-bc7e-b97e33f21012"
          ],
          "pending": [],
          "skipped": [],
          "duration": 10192,
          "root": false,
          "rootEmpty": false,
          "_timeout": 2000
        },
        {
          "uuid": "926f37e9-2e68-4d5b-bc7d-d7d212472b72",
          "title": "14 - Altere atributos relacionados as fontes",
          "fullFile": "",
          "file": "",
          "beforeHooks": [],
          "afterHooks": [],
          "tests": [
            {
              "title": "Altere o tamanho da letra",
              "fullTitle": "14 - Altere atributos relacionados as fontes Altere o tamanho da letra",
              "timedOut": null,
              "duration": 10090,
              "state": "failed",
              "speed": null,
              "pass": false,
              "fail": true,
              "pending": false,
              "context": null,
              "code": "var styles = [/font:/, /font-size:/];\n(0, _ActionBase.verifyExistingStyle)(styles);",
              "err": {
                "message": "AssertionError: Timed out retrying: `cy.readFile(\"./style.css\")` failed because the file does not exist at the following path:\n\n`/home/lippelt/github/trybe-projetos/sd-021-b-project-lessons-learned/style.css`\n\nhttps://on.cypress.io/readfile",
                "estack": "AssertionError: Timed out retrying: `cy.readFile(\"./style.css\")` failed because the file does not exist at the following path:\n\n`/home/lippelt/github/trybe-projetos/sd-021-b-project-lessons-learned/style.css`\n\nhttps://on.cypress.io/readfile\n    at verifyExistingStyle (http://localhost:36791/__cypress/tests?p=cypress/integration/bonus.spec.js:122:6)\n    at Context.eval (http://localhost:36791/__cypress/tests?p=cypress/integration/bonus.spec.js:170:41)",
                "diff": null
              },
              "uuid": "fdeb53bc-b477-409e-a88e-84ae617d11aa",
              "parentUUID": "926f37e9-2e68-4d5b-bc7d-d7d212472b72",
              "isHook": false,
              "skipped": false
            },
            {
              "title": "Altere a cor da letra",
              "fullTitle": "14 - Altere atributos relacionados as fontes Altere a cor da letra",
              "timedOut": null,
              "duration": 10084,
              "state": "failed",
              "speed": null,
              "pass": false,
              "fail": true,
              "pending": false,
              "context": null,
              "code": "var styles = [/font:/, /[^-]color:/];\n(0, _ActionBase.verifyExistingStyle)(styles);",
              "err": {
                "message": "AssertionError: Timed out retrying: `cy.readFile(\"./style.css\")` failed because the file does not exist at the following path:\n\n`/home/lippelt/github/trybe-projetos/sd-021-b-project-lessons-learned/style.css`\n\nhttps://on.cypress.io/readfile",
                "estack": "AssertionError: Timed out retrying: `cy.readFile(\"./style.css\")` failed because the file does not exist at the following path:\n\n`/home/lippelt/github/trybe-projetos/sd-021-b-project-lessons-learned/style.css`\n\nhttps://on.cypress.io/readfile\n    at verifyExistingStyle (http://localhost:36791/__cypress/tests?p=cypress/integration/bonus.spec.js:122:6)\n    at Context.eval (http://localhost:36791/__cypress/tests?p=cypress/integration/bonus.spec.js:174:41)",
                "diff": null
              },
              "uuid": "83438040-907b-42b1-9a15-0d78a1b223f2",
              "parentUUID": "926f37e9-2e68-4d5b-bc7d-d7d212472b72",
              "isHook": false,
              "skipped": false
            },
            {
              "title": "Altere o espaçamento entre as linhas",
              "fullTitle": "14 - Altere atributos relacionados as fontes Altere o espaçamento entre as linhas",
              "timedOut": null,
              "duration": 10084,
              "state": "failed",
              "speed": null,
              "pass": false,
              "fail": true,
              "pending": false,
              "context": null,
              "code": "var styles = [/font:/, /line-height:/];\n(0, _ActionBase.verifyExistingStyle)(styles);",
              "err": {
                "message": "AssertionError: Timed out retrying: `cy.readFile(\"./style.css\")` failed because the file does not exist at the following path:\n\n`/home/lippelt/github/trybe-projetos/sd-021-b-project-lessons-learned/style.css`\n\nhttps://on.cypress.io/readfile",
                "estack": "AssertionError: Timed out retrying: `cy.readFile(\"./style.css\")` failed because the file does not exist at the following path:\n\n`/home/lippelt/github/trybe-projetos/sd-021-b-project-lessons-learned/style.css`\n\nhttps://on.cypress.io/readfile\n    at verifyExistingStyle (http://localhost:36791/__cypress/tests?p=cypress/integration/bonus.spec.js:122:6)\n    at Context.eval (http://localhost:36791/__cypress/tests?p=cypress/integration/bonus.spec.js:178:41)",
                "diff": null
              },
              "uuid": "f6da34f0-5901-4672-b952-4901c60e01c4",
              "parentUUID": "926f37e9-2e68-4d5b-bc7d-d7d212472b72",
              "isHook": false,
              "skipped": false
            },
            {
              "title": "Altere o `font-family`",
              "fullTitle": "14 - Altere atributos relacionados as fontes Altere o `font-family`",
              "timedOut": null,
              "duration": 10089,
              "state": "failed",
              "speed": null,
              "pass": false,
              "fail": true,
              "pending": false,
              "context": null,
              "code": "var styles = [/font:/, /font-family:/];\n(0, _ActionBase.verifyExistingStyle)(styles);",
              "err": {
                "message": "AssertionError: Timed out retrying: `cy.readFile(\"./style.css\")` failed because the file does not exist at the following path:\n\n`/home/lippelt/github/trybe-projetos/sd-021-b-project-lessons-learned/style.css`\n\nhttps://on.cypress.io/readfile",
                "estack": "AssertionError: Timed out retrying: `cy.readFile(\"./style.css\")` failed because the file does not exist at the following path:\n\n`/home/lippelt/github/trybe-projetos/sd-021-b-project-lessons-learned/style.css`\n\nhttps://on.cypress.io/readfile\n    at verifyExistingStyle (http://localhost:36791/__cypress/tests?p=cypress/integration/bonus.spec.js:122:6)\n    at Context.eval (http://localhost:36791/__cypress/tests?p=cypress/integration/bonus.spec.js:182:41)",
                "diff": null
              },
              "uuid": "b3a0a0f9-2993-4e93-bf8e-d1de3531f5ec",
              "parentUUID": "926f37e9-2e68-4d5b-bc7d-d7d212472b72",
              "isHook": false,
              "skipped": false
            }
          ],
          "suites": [],
          "passes": [],
          "failures": [
            "fdeb53bc-b477-409e-a88e-84ae617d11aa",
            "83438040-907b-42b1-9a15-0d78a1b223f2",
            "f6da34f0-5901-4672-b952-4901c60e01c4",
            "b3a0a0f9-2993-4e93-bf8e-d1de3531f5ec"
          ],
          "pending": [],
          "skipped": [],
          "duration": 40347,
          "root": false,
          "rootEmpty": false,
          "_timeout": 2000
        },
        {
          "uuid": "f12bdf92-eb4b-405e-b0de-7e6b2d0caabb",
          "title": "15 - Posicione o seu artigo e a seção sobre aprendizados um ao lado do outro",
          "fullFile": "",
          "file": "",
          "beforeHooks": [],
          "afterHooks": [],
          "tests": [
            {
              "title": "Utilizar a classe \"lado-esquerdo\"",
              "fullTitle": "15 - Posicione o seu artigo e a seção sobre aprendizados um ao lado do outro Utilizar a classe \"lado-esquerdo\"",
              "timedOut": null,
              "duration": 10082,
              "state": "failed",
              "speed": null,
              "pass": false,
              "fail": true,
              "pending": false,
              "context": null,
              "code": "(0, _ActionBase.shouldExist)('.lado-esquerdo');",
              "err": {
                "message": "AssertionError: Timed out retrying: Expected to find element: `.lado-esquerdo`, but never found it.",
                "estack": "AssertionError: Timed out retrying: Expected to find element: `.lado-esquerdo`, but never found it.\n    at shouldExist (http://localhost:36791/__cypress/tests?p=cypress/integration/bonus.spec.js:108:20)\n    at Context.eval (http://localhost:36791/__cypress/tests?p=cypress/integration/bonus.spec.js:190:33)",
                "diff": null
              },
              "uuid": "3f800e34-4282-4476-a322-eeffc608c489",
              "parentUUID": "f12bdf92-eb4b-405e-b0de-7e6b2d0caabb",
              "isHook": false,
              "skipped": false
            },
            {
              "title": "Utilizar a classe \"lado-direito\"",
              "fullTitle": "15 - Posicione o seu artigo e a seção sobre aprendizados um ao lado do outro Utilizar a classe \"lado-direito\"",
              "timedOut": null,
              "duration": 10085,
              "state": "failed",
              "speed": null,
              "pass": false,
              "fail": true,
              "pending": false,
              "context": null,
              "code": "(0, _ActionBase.shouldExist)('.lado-direito');",
              "err": {
                "message": "AssertionError: Timed out retrying: Expected to find element: `.lado-direito`, but never found it.",
                "estack": "AssertionError: Timed out retrying: Expected to find element: `.lado-direito`, but never found it.\n    at shouldExist (http://localhost:36791/__cypress/tests?p=cypress/integration/bonus.spec.js:108:20)\n    at Context.eval (http://localhost:36791/__cypress/tests?p=cypress/integration/bonus.spec.js:193:33)",
                "diff": null
              },
              "uuid": "2eada9d7-e47d-42b3-b50b-21630e183963",
              "parentUUID": "f12bdf92-eb4b-405e-b0de-7e6b2d0caabb",
              "isHook": false,
              "skipped": false
            },
            {
              "title": "Verificar se os elementos com as classes lado-direito e lado-esquerdo estão posicionados corretamente",
              "fullTitle": "15 - Posicione o seu artigo e a seção sobre aprendizados um ao lado do outro Verificar se os elementos com as classes lado-direito e lado-esquerdo estão posicionados corretamente",
              "timedOut": null,
              "duration": 82,
              "state": "failed",
              "speed": null,
              "pass": false,
              "fail": true,
              "pending": false,
              "context": null,
              "code": "cy.document().then(function (doc) {\n  var leftSide = {\n    top: (0, _ActionBase.evaluateOffset)(doc, '.lado-esquerdo', 'Top'),\n    height: (0, _ActionBase.evaluateOffset)(doc, '.lado-esquerdo', 'Height')\n  };\n  var rightSide = {\n    top: (0, _ActionBase.evaluateOffset)(doc, '.lado-direito', 'Top'),\n    height: (0, _ActionBase.evaluateOffset)(doc, '.lado-direito', 'Height')\n  };\n  expect((0, _ActionBase.isSidebySide)(leftSide, rightSide), 'Not side by side. *hint - search for float, width and positioning properties to achieve this requirement*').to.be[\"true\"];\n});",
              "err": {
                "message": "TypeError: Cannot read property 'offsetTop' of null",
                "estack": "TypeError: Cannot read property 'offsetTop' of null\n    at evaluateOffset (http://localhost:36791/__cypress/tests?p=cypress/integration/bonus.spec.js:112:37)\n    at Context.eval (http://localhost:36791/__cypress/tests?p=cypress/integration/bonus.spec.js:198:45)",
                "diff": null
              },
              "uuid": "c4648959-bdb6-4b48-adf2-c963d009b4d1",
              "parentUUID": "f12bdf92-eb4b-405e-b0de-7e6b2d0caabb",
              "isHook": false,
              "skipped": false
            }
          ],
          "suites": [],
          "passes": [],
          "failures": [
            "3f800e34-4282-4476-a322-eeffc608c489",
            "2eada9d7-e47d-42b3-b50b-21630e183963",
            "c4648959-bdb6-4b48-adf2-c963d009b4d1"
          ],
          "pending": [],
          "skipped": [],
          "duration": 20249,
          "root": false,
          "rootEmpty": false,
          "_timeout": 2000
        }
      ],
      "passes": [],
      "failures": [],
      "pending": [],
      "skipped": [],
      "duration": 0,
      "root": true,
      "rootEmpty": true,
      "_timeout": 2000
    }
  ],
  "meta": {
    "mocha": {
      "version": "7.0.1"
    },
    "mochawesome": {
      "options": {
        "quiet": false,
        "reportFilename": "mochawesome",
        "saveHtml": false,
        "saveJson": true,
        "consoleReporter": "spec",
        "useInlineDiffs": false
      },
      "version": "4.1.0"
    },
    "marge": {
      "options": {
        "id": "default",
        "reportDir": "cypress/reports",
        "overwrite": false,
        "html": false,
        "json": true
      },
      "version": "4.1.0"
    }
  }
}