{
  "stats": {
    "suites": 4,
    "tests": 9,
    "passes": 0,
    "pending": 0,
    "failures": 9,
    "start": "2022-03-05T10:17:24.071Z",
    "end": "2022-03-05T10:18:47.685Z",
    "duration": 83614,
    "testsRegistered": 9,
    "passPercent": 0,
    "pendingPercent": 0,
    "other": 0,
    "hasOther": false,
    "skipped": 0,
    "hasSkipped": false
  },
  "results": [
    {
      "uuid": "53f3cb71-53ec-4df5-b36c-71491d737a07",
      "title": "",
      "fullFile": "cypress/integration/bonus.spec.js",
      "file": "cypress/integration/bonus.spec.js",
      "beforeHooks": [],
      "afterHooks": [],
      "tests": [],
      "suites": [
        {
          "uuid": "46040e4e-ab58-48f9-a87e-e428b6446075",
          "title": "12 - Adicione uma tabela à página",
          "fullFile": "",
          "file": "",
          "beforeHooks": [],
          "afterHooks": [],
          "tests": [
            {
              "title": "A página deve possuir uma tabela",
              "fullTitle": "12 - Adicione uma tabela à página A página deve possuir uma tabela",
              "timedOut": null,
              "duration": 12476,
              "state": "failed",
              "speed": null,
              "pass": false,
              "fail": true,
              "pending": false,
              "context": null,
              "code": "(0, _ActionBase.shouldExist)('table');",
              "err": {
                "message": "AssertionError: Timed out retrying: Expected to find element: `table`, but never found it.",
                "estack": "AssertionError: Timed out retrying: Expected to find element: `table`, but never found it.\n    at shouldExist (http://localhost:43683/__cypress/tests?p=cypress/integration/bonus.spec.js:108:20)\n    at Context.eval (http://localhost:43683/__cypress/tests?p=cypress/integration/bonus.spec.js:148:33)",
                "diff": null
              },
              "uuid": "1d8e9a0d-dc3c-4308-a97d-b3d5fb400d96",
              "parentUUID": "46040e4e-ab58-48f9-a87e-e428b6446075",
              "isHook": false,
              "skipped": false
            }
          ],
          "suites": [],
          "passes": [],
          "failures": [
            "1d8e9a0d-dc3c-4308-a97d-b3d5fb400d96"
          ],
          "pending": [],
          "skipped": [],
          "duration": 12476,
          "root": false,
          "rootEmpty": false,
          "_timeout": 2000
        },
        {
          "uuid": "ace84f9a-7133-49ce-a792-9d4685c766bf",
          "title": "13 - Utilize o Box model",
          "fullFile": "",
          "file": "",
          "beforeHooks": [],
          "afterHooks": [],
          "tests": [
            {
              "title": "Altere `margin`, `padding` e `border` dos elementos para ver, na prática, como esses atributos influenciam e melhoram a visualização dos componentes",
              "fullTitle": "13 - Utilize o Box model Altere `margin`, `padding` e `border` dos elementos para ver, na prática, como esses atributos influenciam e melhoram a visualização dos componentes",
              "timedOut": null,
              "duration": 10289,
              "state": "failed",
              "speed": null,
              "pass": false,
              "fail": true,
              "pending": false,
              "context": null,
              "code": "cy.readFile('./style.css').then(function (content) {\n  var styles = ['margin', 'padding', 'border'];\n  expect(styles.every(function (style) {\n    return content.match(style);\n  }), 'Do not match styles margin, padding and border').to.be[\"true\"];\n});",
              "err": {
                "message": "AssertionError: Timed out retrying: `cy.readFile(\"./style.css\")` failed because the file does not exist at the following path:\n\n`/home/lippelt/github/trybe-projetos/sd-021-b-project-lessons-learned/style.css`\n\nhttps://on.cypress.io/readfile",
                "estack": "AssertionError: Timed out retrying: `cy.readFile(\"./style.css\")` failed because the file does not exist at the following path:\n\n`/home/lippelt/github/trybe-projetos/sd-021-b-project-lessons-learned/style.css`\n\nhttps://on.cypress.io/readfile\n    at Context.eval (http://localhost:43683/__cypress/tests?p=cypress/integration/bonus.spec.js:156:8)",
                "diff": null
              },
              "uuid": "0007c249-0cc4-4aaa-89aa-3fed08833406",
              "parentUUID": "ace84f9a-7133-49ce-a792-9d4685c766bf",
              "isHook": false,
              "skipped": false
            }
          ],
          "suites": [],
          "passes": [],
          "failures": [
            "0007c249-0cc4-4aaa-89aa-3fed08833406"
          ],
          "pending": [],
          "skipped": [],
          "duration": 10289,
          "root": false,
          "rootEmpty": false,
          "_timeout": 2000
        },
        {
          "uuid": "8fbce5b5-205f-4468-b711-0401c7bd7666",
          "title": "14 - Altere atributos relacionados as fontes",
          "fullFile": "",
          "file": "",
          "beforeHooks": [],
          "afterHooks": [],
          "tests": [
            {
              "title": "Altere o tamanho da letra",
              "fullTitle": "14 - Altere atributos relacionados as fontes Altere o tamanho da letra",
              "timedOut": null,
              "duration": 10079,
              "state": "failed",
              "speed": null,
              "pass": false,
              "fail": true,
              "pending": false,
              "context": null,
              "code": "var styles = [/font:/, /font-size:/];\n(0, _ActionBase.verifyExistingStyle)(styles);",
              "err": {
                "message": "AssertionError: Timed out retrying: `cy.readFile(\"./style.css\")` failed because the file does not exist at the following path:\n\n`/home/lippelt/github/trybe-projetos/sd-021-b-project-lessons-learned/style.css`\n\nhttps://on.cypress.io/readfile",
                "estack": "AssertionError: Timed out retrying: `cy.readFile(\"./style.css\")` failed because the file does not exist at the following path:\n\n`/home/lippelt/github/trybe-projetos/sd-021-b-project-lessons-learned/style.css`\n\nhttps://on.cypress.io/readfile\n    at verifyExistingStyle (http://localhost:43683/__cypress/tests?p=cypress/integration/bonus.spec.js:122:6)\n    at Context.eval (http://localhost:43683/__cypress/tests?p=cypress/integration/bonus.spec.js:170:41)",
                "diff": null
              },
              "uuid": "06514436-2579-4550-adb9-3f608dd2e26b",
              "parentUUID": "8fbce5b5-205f-4468-b711-0401c7bd7666",
              "isHook": false,
              "skipped": false
            },
            {
              "title": "Altere a cor da letra",
              "fullTitle": "14 - Altere atributos relacionados as fontes Altere a cor da letra",
              "timedOut": null,
              "duration": 10076,
              "state": "failed",
              "speed": null,
              "pass": false,
              "fail": true,
              "pending": false,
              "context": null,
              "code": "var styles = [/font:/, /[^-]color:/];\n(0, _ActionBase.verifyExistingStyle)(styles);",
              "err": {
                "message": "AssertionError: Timed out retrying: `cy.readFile(\"./style.css\")` failed because the file does not exist at the following path:\n\n`/home/lippelt/github/trybe-projetos/sd-021-b-project-lessons-learned/style.css`\n\nhttps://on.cypress.io/readfile",
                "estack": "AssertionError: Timed out retrying: `cy.readFile(\"./style.css\")` failed because the file does not exist at the following path:\n\n`/home/lippelt/github/trybe-projetos/sd-021-b-project-lessons-learned/style.css`\n\nhttps://on.cypress.io/readfile\n    at verifyExistingStyle (http://localhost:43683/__cypress/tests?p=cypress/integration/bonus.spec.js:122:6)\n    at Context.eval (http://localhost:43683/__cypress/tests?p=cypress/integration/bonus.spec.js:174:41)",
                "diff": null
              },
              "uuid": "4279a597-01c7-4d4c-bd40-2a08a17e7bde",
              "parentUUID": "8fbce5b5-205f-4468-b711-0401c7bd7666",
              "isHook": false,
              "skipped": false
            },
            {
              "title": "Altere o espaçamento entre as linhas",
              "fullTitle": "14 - Altere atributos relacionados as fontes Altere o espaçamento entre as linhas",
              "timedOut": null,
              "duration": 10076,
              "state": "failed",
              "speed": null,
              "pass": false,
              "fail": true,
              "pending": false,
              "context": null,
              "code": "var styles = [/font:/, /line-height:/];\n(0, _ActionBase.verifyExistingStyle)(styles);",
              "err": {
                "message": "AssertionError: Timed out retrying: `cy.readFile(\"./style.css\")` failed because the file does not exist at the following path:\n\n`/home/lippelt/github/trybe-projetos/sd-021-b-project-lessons-learned/style.css`\n\nhttps://on.cypress.io/readfile",
                "estack": "AssertionError: Timed out retrying: `cy.readFile(\"./style.css\")` failed because the file does not exist at the following path:\n\n`/home/lippelt/github/trybe-projetos/sd-021-b-project-lessons-learned/style.css`\n\nhttps://on.cypress.io/readfile\n    at verifyExistingStyle (http://localhost:43683/__cypress/tests?p=cypress/integration/bonus.spec.js:122:6)\n    at Context.eval (http://localhost:43683/__cypress/tests?p=cypress/integration/bonus.spec.js:178:41)",
                "diff": null
              },
              "uuid": "acfbf7ee-75d4-4416-a95c-51cdf4682d3b",
              "parentUUID": "8fbce5b5-205f-4468-b711-0401c7bd7666",
              "isHook": false,
              "skipped": false
            },
            {
              "title": "Altere o `font-family`",
              "fullTitle": "14 - Altere atributos relacionados as fontes Altere o `font-family`",
              "timedOut": null,
              "duration": 10089,
              "state": "failed",
              "speed": null,
              "pass": false,
              "fail": true,
              "pending": false,
              "context": null,
              "code": "var styles = [/font:/, /font-family:/];\n(0, _ActionBase.verifyExistingStyle)(styles);",
              "err": {
                "message": "AssertionError: Timed out retrying: `cy.readFile(\"./style.css\")` failed because the file does not exist at the following path:\n\n`/home/lippelt/github/trybe-projetos/sd-021-b-project-lessons-learned/style.css`\n\nhttps://on.cypress.io/readfile",
                "estack": "AssertionError: Timed out retrying: `cy.readFile(\"./style.css\")` failed because the file does not exist at the following path:\n\n`/home/lippelt/github/trybe-projetos/sd-021-b-project-lessons-learned/style.css`\n\nhttps://on.cypress.io/readfile\n    at verifyExistingStyle (http://localhost:43683/__cypress/tests?p=cypress/integration/bonus.spec.js:122:6)\n    at Context.eval (http://localhost:43683/__cypress/tests?p=cypress/integration/bonus.spec.js:182:41)",
                "diff": null
              },
              "uuid": "afd151e4-52f1-47be-909f-d473c4d9b6d3",
              "parentUUID": "8fbce5b5-205f-4468-b711-0401c7bd7666",
              "isHook": false,
              "skipped": false
            }
          ],
          "suites": [],
          "passes": [],
          "failures": [
            "06514436-2579-4550-adb9-3f608dd2e26b",
            "4279a597-01c7-4d4c-bd40-2a08a17e7bde",
            "acfbf7ee-75d4-4416-a95c-51cdf4682d3b",
            "afd151e4-52f1-47be-909f-d473c4d9b6d3"
          ],
          "pending": [],
          "skipped": [],
          "duration": 40320,
          "root": false,
          "rootEmpty": false,
          "_timeout": 2000
        },
        {
          "uuid": "c23ba6bc-b737-447f-a5bd-62527df7d586",
          "title": "15 - Posicione o seu artigo e a seção sobre aprendizados um ao lado do outro",
          "fullFile": "",
          "file": "",
          "beforeHooks": [],
          "afterHooks": [],
          "tests": [
            {
              "title": "Utilizar a classe \"lado-esquerdo\"",
              "fullTitle": "15 - Posicione o seu artigo e a seção sobre aprendizados um ao lado do outro Utilizar a classe \"lado-esquerdo\"",
              "timedOut": null,
              "duration": 10087,
              "state": "failed",
              "speed": null,
              "pass": false,
              "fail": true,
              "pending": false,
              "context": null,
              "code": "(0, _ActionBase.shouldExist)('.lado-esquerdo');",
              "err": {
                "message": "AssertionError: Timed out retrying: Expected to find element: `.lado-esquerdo`, but never found it.",
                "estack": "AssertionError: Timed out retrying: Expected to find element: `.lado-esquerdo`, but never found it.\n    at shouldExist (http://localhost:43683/__cypress/tests?p=cypress/integration/bonus.spec.js:108:20)\n    at Context.eval (http://localhost:43683/__cypress/tests?p=cypress/integration/bonus.spec.js:190:33)",
                "diff": null
              },
              "uuid": "82af9025-14a0-49f4-917a-517350a044bc",
              "parentUUID": "c23ba6bc-b737-447f-a5bd-62527df7d586",
              "isHook": false,
              "skipped": false
            },
            {
              "title": "Utilizar a classe \"lado-direito\"",
              "fullTitle": "15 - Posicione o seu artigo e a seção sobre aprendizados um ao lado do outro Utilizar a classe \"lado-direito\"",
              "timedOut": null,
              "duration": 10080,
              "state": "failed",
              "speed": null,
              "pass": false,
              "fail": true,
              "pending": false,
              "context": null,
              "code": "(0, _ActionBase.shouldExist)('.lado-direito');",
              "err": {
                "message": "AssertionError: Timed out retrying: Expected to find element: `.lado-direito`, but never found it.",
                "estack": "AssertionError: Timed out retrying: Expected to find element: `.lado-direito`, but never found it.\n    at shouldExist (http://localhost:43683/__cypress/tests?p=cypress/integration/bonus.spec.js:108:20)\n    at Context.eval (http://localhost:43683/__cypress/tests?p=cypress/integration/bonus.spec.js:193:33)",
                "diff": null
              },
              "uuid": "c9a5212c-6191-428a-913e-beb2eb2824b4",
              "parentUUID": "c23ba6bc-b737-447f-a5bd-62527df7d586",
              "isHook": false,
              "skipped": false
            },
            {
              "title": "Verificar se os elementos com as classes lado-direito e lado-esquerdo estão posicionados corretamente",
              "fullTitle": "15 - Posicione o seu artigo e a seção sobre aprendizados um ao lado do outro Verificar se os elementos com as classes lado-direito e lado-esquerdo estão posicionados corretamente",
              "timedOut": null,
              "duration": 104,
              "state": "failed",
              "speed": null,
              "pass": false,
              "fail": true,
              "pending": false,
              "context": null,
              "code": "cy.document().then(function (doc) {\n  var leftSide = {\n    top: (0, _ActionBase.evaluateOffset)(doc, '.lado-esquerdo', 'Top'),\n    height: (0, _ActionBase.evaluateOffset)(doc, '.lado-esquerdo', 'Height')\n  };\n  var rightSide = {\n    top: (0, _ActionBase.evaluateOffset)(doc, '.lado-direito', 'Top'),\n    height: (0, _ActionBase.evaluateOffset)(doc, '.lado-direito', 'Height')\n  };\n  expect((0, _ActionBase.isSidebySide)(leftSide, rightSide), 'Not side by side. *hint - search for float, width and positioning properties to achieve this requirement*').to.be[\"true\"];\n});",
              "err": {
                "message": "TypeError: Cannot read property 'offsetTop' of null",
                "estack": "TypeError: Cannot read property 'offsetTop' of null\n    at evaluateOffset (http://localhost:43683/__cypress/tests?p=cypress/integration/bonus.spec.js:112:37)\n    at Context.eval (http://localhost:43683/__cypress/tests?p=cypress/integration/bonus.spec.js:198:45)",
                "diff": null
              },
              "uuid": "aed69e09-b538-410a-b153-bdc2e46e02ae",
              "parentUUID": "c23ba6bc-b737-447f-a5bd-62527df7d586",
              "isHook": false,
              "skipped": false
            }
          ],
          "suites": [],
          "passes": [],
          "failures": [
            "82af9025-14a0-49f4-917a-517350a044bc",
            "c9a5212c-6191-428a-913e-beb2eb2824b4",
            "aed69e09-b538-410a-b153-bdc2e46e02ae"
          ],
          "pending": [],
          "skipped": [],
          "duration": 20271,
          "root": false,
          "rootEmpty": false,
          "_timeout": 2000
        }
      ],
      "passes": [],
      "failures": [],
      "pending": [],
      "skipped": [],
      "duration": 0,
      "root": true,
      "rootEmpty": true,
      "_timeout": 2000
    }
  ],
  "meta": {
    "mocha": {
      "version": "7.0.1"
    },
    "mochawesome": {
      "options": {
        "quiet": false,
        "reportFilename": "mochawesome",
        "saveHtml": false,
        "saveJson": true,
        "consoleReporter": "spec",
        "useInlineDiffs": false
      },
      "version": "4.1.0"
    },
    "marge": {
      "options": {
        "id": "default",
        "reportDir": "cypress/reports",
        "overwrite": false,
        "html": false,
        "json": true
      },
      "version": "4.1.0"
    }
  }
}