{
  "stats": {
    "suites": 11,
    "tests": 22,
    "passes": 22,
    "pending": 0,
    "failures": 0,
    "start": "2022-03-05T07:56:53.981Z",
    "end": "2022-03-05T07:56:58.348Z",
    "duration": 4367,
    "testsRegistered": 22,
    "passPercent": 100,
    "pendingPercent": 0,
    "other": 0,
    "hasOther": false,
    "skipped": 0,
    "hasSkipped": false
  },
  "results": [
    {
      "uuid": "126ef000-f44a-4755-ae0e-67d42d092bf9",
      "title": "",
      "fullFile": "cypress/integration/project.spec.js",
      "file": "cypress/integration/project.spec.js",
      "beforeHooks": [],
      "afterHooks": [],
      "tests": [],
      "suites": [
        {
          "uuid": "b4384233-1c33-470f-8de3-7f03de4e0a1b",
          "title": "1 - Adicione uma cor de fundo específica para a página",
          "fullFile": "",
          "file": "",
          "beforeHooks": [],
          "afterHooks": [],
          "tests": [
            {
              "title": "Possuir cor de fundo: rgb(253, 251, 251)",
              "fullTitle": "1 - Adicione uma cor de fundo específica para a página Possuir cor de fundo: rgb(253, 251, 251)",
              "timedOut": null,
              "duration": 66,
              "state": "passed",
              "speed": "medium",
              "pass": true,
              "fail": false,
              "pending": false,
              "context": null,
              "code": "cy.get('body').should('have.css', 'backgroundColor', 'rgb(253, 251, 251)');",
              "err": {},
              "uuid": "6724c865-df6f-4664-9ba6-c79c3fb330ae",
              "parentUUID": "b4384233-1c33-470f-8de3-7f03de4e0a1b",
              "isHook": false,
              "skipped": false
            }
          ],
          "suites": [],
          "passes": [
            "6724c865-df6f-4664-9ba6-c79c3fb330ae"
          ],
          "failures": [],
          "pending": [],
          "skipped": [],
          "duration": 66,
          "root": false,
          "rootEmpty": false,
          "_timeout": 2000
        },
        {
          "uuid": "dc226356-0596-4d39-9af2-43a5a3ca1229",
          "title": "2 - Adicione uma barra superior com um título",
          "fullFile": "",
          "file": "",
          "beforeHooks": [],
          "afterHooks": [],
          "tests": [
            {
              "title": "A barra deve possuir o ID \"cabecalho\"",
              "fullTitle": "2 - Adicione uma barra superior com um título A barra deve possuir o ID \"cabecalho\"",
              "timedOut": null,
              "duration": 62,
              "state": "passed",
              "speed": "medium",
              "pass": true,
              "fail": false,
              "pending": false,
              "context": null,
              "code": "(0, _ActionBase.shouldExist)('#cabecalho');",
              "err": {},
              "uuid": "33e01af7-ad74-4cca-92fd-7a5bc893831a",
              "parentUUID": "dc226356-0596-4d39-9af2-43a5a3ca1229",
              "isHook": false,
              "skipped": false
            },
            {
              "title": "A barra superior deve ser fixa no topo da página, com a propriedade top tendo o valor `0`",
              "fullTitle": "2 - Adicione uma barra superior com um título A barra superior deve ser fixa no topo da página, com a propriedade top tendo o valor `0`",
              "timedOut": null,
              "duration": 47,
              "state": "passed",
              "speed": "medium",
              "pass": true,
              "fail": false,
              "pending": false,
              "context": null,
              "code": "cy.get('#cabecalho').should('have.css', 'position', 'fixed').should('have.css', 'top', '0px');",
              "err": {},
              "uuid": "fc61b5d8-a6d4-4b45-ace7-5d6841ce5dad",
              "parentUUID": "dc226356-0596-4d39-9af2-43a5a3ca1229",
              "isHook": false,
              "skipped": false
            },
            {
              "title": "O título deve estar dentro da barra e possuir o ID \"titulo\", além de ser uma tag \"h1\"",
              "fullTitle": "2 - Adicione uma barra superior com um título O título deve estar dentro da barra e possuir o ID \"titulo\", além de ser uma tag \"h1\"",
              "timedOut": null,
              "duration": 45,
              "state": "passed",
              "speed": "medium",
              "pass": true,
              "fail": false,
              "pending": false,
              "context": null,
              "code": "(0, _ActionBase.shouldExist)('#cabecalho h1#titulo');",
              "err": {},
              "uuid": "8082b17f-8749-4943-9985-d61b258d8f63",
              "parentUUID": "dc226356-0596-4d39-9af2-43a5a3ca1229",
              "isHook": false,
              "skipped": false
            }
          ],
          "suites": [],
          "passes": [
            "33e01af7-ad74-4cca-92fd-7a5bc893831a",
            "fc61b5d8-a6d4-4b45-ace7-5d6841ce5dad",
            "8082b17f-8749-4943-9985-d61b258d8f63"
          ],
          "failures": [],
          "pending": [],
          "skipped": [],
          "duration": 154,
          "root": false,
          "rootEmpty": false,
          "_timeout": 2000
        },
        {
          "uuid": "272511e0-0809-4706-a9f5-e07338b3976a",
          "title": "3 - Adicione uma foto sua à página",
          "fullFile": "",
          "file": "",
          "beforeHooks": [],
          "afterHooks": [],
          "tests": [
            {
              "title": "A foto deve ser inserida utilizando uma tag img com o ID \"minha_foto\"",
              "fullTitle": "3 - Adicione uma foto sua à página A foto deve ser inserida utilizando uma tag img com o ID \"minha_foto\"",
              "timedOut": null,
              "duration": 56,
              "state": "passed",
              "speed": "medium",
              "pass": true,
              "fail": false,
              "pending": false,
              "context": null,
              "code": "cy.get('img#minha_foto').should('have.attr', 'src');",
              "err": {},
              "uuid": "15cdbe45-897d-4289-932b-9ca52999285d",
              "parentUUID": "272511e0-0809-4706-a9f5-e07338b3976a",
              "isHook": false,
              "skipped": false
            }
          ],
          "suites": [],
          "passes": [
            "15cdbe45-897d-4289-932b-9ca52999285d"
          ],
          "failures": [],
          "pending": [],
          "skipped": [],
          "duration": 56,
          "root": false,
          "rootEmpty": false,
          "_timeout": 2000
        },
        {
          "uuid": "c8e92d35-d2fe-4a72-a4b1-76763254f2d7",
          "title": "4 - Adicione uma lista de lições aprendidas à página",
          "fullFile": "",
          "file": "",
          "beforeHooks": [],
          "afterHooks": [],
          "tests": [
            {
              "title": "A lista deve ser numerada e possuir o ID \"licoes_aprendidas\"",
              "fullTitle": "4 - Adicione uma lista de lições aprendidas à página A lista deve ser numerada e possuir o ID \"licoes_aprendidas\"",
              "timedOut": null,
              "duration": 53,
              "state": "passed",
              "speed": "medium",
              "pass": true,
              "fail": false,
              "pending": false,
              "context": null,
              "code": "(0, _ActionBase.shouldExist)('ol#licoes_aprendidas');",
              "err": {},
              "uuid": "2bdf0c1c-59d6-4b78-81bf-9af56f2e3052",
              "parentUUID": "c8e92d35-d2fe-4a72-a4b1-76763254f2d7",
              "isHook": false,
              "skipped": false
            },
            {
              "title": "A lista deve possuir 10 itens",
              "fullTitle": "4 - Adicione uma lista de lições aprendidas à página A lista deve possuir 10 itens",
              "timedOut": null,
              "duration": 62,
              "state": "passed",
              "speed": "medium",
              "pass": true,
              "fail": false,
              "pending": false,
              "context": null,
              "code": "cy.get('ol#licoes_aprendidas').find('li').should('have.length', 10);",
              "err": {},
              "uuid": "3cb40c68-6b8a-4689-ac19-eaa84cebf0d4",
              "parentUUID": "c8e92d35-d2fe-4a72-a4b1-76763254f2d7",
              "isHook": false,
              "skipped": false
            }
          ],
          "suites": [],
          "passes": [
            "2bdf0c1c-59d6-4b78-81bf-9af56f2e3052",
            "3cb40c68-6b8a-4689-ac19-eaa84cebf0d4"
          ],
          "failures": [],
          "pending": [],
          "skipped": [],
          "duration": 115,
          "root": false,
          "rootEmpty": false,
          "_timeout": 2000
        },
        {
          "uuid": "bfb153e7-20c4-46ce-b6c8-9087d0809f06",
          "title": "5 - Crie uma lista de lições que ainda deseja aprender para a página",
          "fullFile": "",
          "file": "",
          "beforeHooks": [],
          "afterHooks": [],
          "tests": [
            {
              "title": "A lista não deve ser numerada e deve possuir o ID \"licoes_a_aprender\"",
              "fullTitle": "5 - Crie uma lista de lições que ainda deseja aprender para a página A lista não deve ser numerada e deve possuir o ID \"licoes_a_aprender\"",
              "timedOut": null,
              "duration": 52,
              "state": "passed",
              "speed": "medium",
              "pass": true,
              "fail": false,
              "pending": false,
              "context": null,
              "code": "(0, _ActionBase.shouldExist)('ul#licoes_a_aprender');",
              "err": {},
              "uuid": "a82c3a70-c776-4e95-871c-6ea180ea7dfc",
              "parentUUID": "bfb153e7-20c4-46ce-b6c8-9087d0809f06",
              "isHook": false,
              "skipped": false
            },
            {
              "title": "A lista deve possuir 10 itens",
              "fullTitle": "5 - Crie uma lista de lições que ainda deseja aprender para a página A lista deve possuir 10 itens",
              "timedOut": null,
              "duration": 62,
              "state": "passed",
              "speed": "medium",
              "pass": true,
              "fail": false,
              "pending": false,
              "context": null,
              "code": "cy.get('ul#licoes_a_aprender').find('li').should('have.length', 10);",
              "err": {},
              "uuid": "d5d3ec67-e6d4-4cd5-a1bd-6018e1feb130",
              "parentUUID": "bfb153e7-20c4-46ce-b6c8-9087d0809f06",
              "isHook": false,
              "skipped": false
            }
          ],
          "suites": [],
          "passes": [
            "a82c3a70-c776-4e95-871c-6ea180ea7dfc",
            "d5d3ec67-e6d4-4cd5-a1bd-6018e1feb130"
          ],
          "failures": [],
          "pending": [],
          "skipped": [],
          "duration": 114,
          "root": false,
          "rootEmpty": false,
          "_timeout": 2000
        },
        {
          "uuid": "642fe0c9-9245-4ba2-8869-875f8ac8a7f6",
          "title": "6 - Adicione um rodapé para a página",
          "fullFile": "",
          "file": "",
          "beforeHooks": [],
          "afterHooks": [],
          "tests": [
            {
              "title": "O rodapé deve possuir o ID \"rodape\"",
              "fullTitle": "6 - Adicione um rodapé para a página O rodapé deve possuir o ID \"rodape\"",
              "timedOut": null,
              "duration": 51,
              "state": "passed",
              "speed": "medium",
              "pass": true,
              "fail": false,
              "pending": false,
              "context": null,
              "code": "cy.get('footer#rodape').should('exist');",
              "err": {},
              "uuid": "247b465c-8701-4713-9d07-1f87462e353b",
              "parentUUID": "642fe0c9-9245-4ba2-8869-875f8ac8a7f6",
              "isHook": false,
              "skipped": false
            }
          ],
          "suites": [],
          "passes": [
            "247b465c-8701-4713-9d07-1f87462e353b"
          ],
          "failures": [],
          "pending": [],
          "skipped": [],
          "duration": 51,
          "root": false,
          "rootEmpty": false,
          "_timeout": 2000
        },
        {
          "uuid": "4f2d1569-47cf-42eb-bf5f-a9a0467e8cfa",
          "title": "7 - Insira pelo menos um link externo na página",
          "fullFile": "",
          "file": "",
          "beforeHooks": [],
          "afterHooks": [],
          "tests": [
            {
              "title": "A configuração desse link deve ser feita para abrir em uma nova aba do navegador",
              "fullTitle": "7 - Insira pelo menos um link externo na página A configuração desse link deve ser feita para abrir em uma nova aba do navegador",
              "timedOut": null,
              "duration": 53,
              "state": "passed",
              "speed": "medium",
              "pass": true,
              "fail": false,
              "pending": false,
              "context": null,
              "code": "cy.get('a').then(function (a) {\n  var actual = Array.from(a).some(function (element) {\n    return element.target === '_blank' && element.href !== '';\n  });\n  expect(actual).to.be[\"true\"];\n});",
              "err": {},
              "uuid": "35f06cdc-0ebd-4100-8bd2-a26a19380778",
              "parentUUID": "4f2d1569-47cf-42eb-bf5f-a9a0467e8cfa",
              "isHook": false,
              "skipped": false
            }
          ],
          "suites": [],
          "passes": [
            "35f06cdc-0ebd-4100-8bd2-a26a19380778"
          ],
          "failures": [],
          "pending": [],
          "skipped": [],
          "duration": 53,
          "root": false,
          "rootEmpty": false,
          "_timeout": 2000
        },
        {
          "uuid": "98d1c56f-e904-4363-80b9-b73378809484",
          "title": "8 - Crie um artigo sobre seu aprendizado",
          "fullFile": "",
          "file": "",
          "beforeHooks": [],
          "afterHooks": [],
          "tests": [
            {
              "title": "A `tag` `article` devem ser utilizadas",
              "fullTitle": "8 - Crie um artigo sobre seu aprendizado A `tag` `article` devem ser utilizadas",
              "timedOut": null,
              "duration": 54,
              "state": "passed",
              "speed": "medium",
              "pass": true,
              "fail": false,
              "pending": false,
              "context": null,
              "code": "(0, _ActionBase.shouldExist)('article');",
              "err": {},
              "uuid": "bfa24ad4-9c4e-4253-85d9-df676c4d07d9",
              "parentUUID": "98d1c56f-e904-4363-80b9-b73378809484",
              "isHook": false,
              "skipped": false
            },
            {
              "title": "O artigo deve ter mais de 300 caracteres e menos de 600",
              "fullTitle": "8 - Crie um artigo sobre seu aprendizado O artigo deve ter mais de 300 caracteres e menos de 600",
              "timedOut": null,
              "duration": 57,
              "state": "passed",
              "speed": "medium",
              "pass": true,
              "fail": false,
              "pending": false,
              "context": null,
              "code": "cy.get('article').invoke('text').then(function (text) {\n  expect(text).to.have.length.of.at.most(600);\n  expect(text).to.have.length.of.at.above(300);\n});",
              "err": {},
              "uuid": "3899899d-b7e3-40a5-920e-a52897930fb4",
              "parentUUID": "98d1c56f-e904-4363-80b9-b73378809484",
              "isHook": false,
              "skipped": false
            }
          ],
          "suites": [],
          "passes": [
            "bfa24ad4-9c4e-4253-85d9-df676c4d07d9",
            "3899899d-b7e3-40a5-920e-a52897930fb4"
          ],
          "failures": [],
          "pending": [],
          "skipped": [],
          "duration": 111,
          "root": false,
          "rootEmpty": false,
          "_timeout": 2000
        },
        {
          "uuid": "26d4c695-46b0-45b3-b576-8509ace77d8f",
          "title": "9 - Crie uma seção que conta uma passagem sobre seu aprendizado",
          "fullFile": "",
          "file": "",
          "beforeHooks": [],
          "afterHooks": [],
          "tests": [
            {
              "title": "A `tag` `aside` deve ser utilizada",
              "fullTitle": "9 - Crie uma seção que conta uma passagem sobre seu aprendizado A `tag` `aside` deve ser utilizada",
              "timedOut": null,
              "duration": 66,
              "state": "passed",
              "speed": "medium",
              "pass": true,
              "fail": false,
              "pending": false,
              "context": null,
              "code": "(0, _ActionBase.shouldExist)('aside');",
              "err": {},
              "uuid": "76162dce-51c7-40a9-9ac0-d332d61f5b18",
              "parentUUID": "26d4c695-46b0-45b3-b576-8509ace77d8f",
              "isHook": false,
              "skipped": false
            },
            {
              "title": "A seção deve ter mais que 100 caracteres e menos que 300",
              "fullTitle": "9 - Crie uma seção que conta uma passagem sobre seu aprendizado A seção deve ter mais que 100 caracteres e menos que 300",
              "timedOut": null,
              "duration": 56,
              "state": "passed",
              "speed": "medium",
              "pass": true,
              "fail": false,
              "pending": false,
              "context": null,
              "code": "cy.get('aside').invoke('text').then(function (text) {\n  expect(text).to.have.length.of.at.above(100);\n  expect(text).to.have.length.of.at.most(300);\n});",
              "err": {},
              "uuid": "4a2acdd3-b768-4a12-a1b2-f72e79253999",
              "parentUUID": "26d4c695-46b0-45b3-b576-8509ace77d8f",
              "isHook": false,
              "skipped": false
            }
          ],
          "suites": [],
          "passes": [
            "76162dce-51c7-40a9-9ac0-d332d61f5b18",
            "4a2acdd3-b768-4a12-a1b2-f72e79253999"
          ],
          "failures": [],
          "pending": [],
          "skipped": [],
          "duration": 122,
          "root": false,
          "rootEmpty": false,
          "_timeout": 2000
        },
        {
          "uuid": "146c72ea-ba84-4284-b0ea-b649844d1d08",
          "title": "10 - Aplique elementos HTML de acordo com o sentido e propósito de cada um deles",
          "fullFile": "",
          "file": "",
          "beforeHooks": [],
          "afterHooks": [],
          "tests": [
            {
              "title": "Validar se a página possui um elemento \"article\"",
              "fullTitle": "10 - Aplique elementos HTML de acordo com o sentido e propósito de cada um deles Validar se a página possui um elemento \"article\"",
              "timedOut": null,
              "duration": 54,
              "state": "passed",
              "speed": "medium",
              "pass": true,
              "fail": false,
              "pending": false,
              "context": null,
              "code": "(0, _ActionBase.shouldExist)('article');",
              "err": {},
              "uuid": "1bd03747-f220-4fa5-8b47-98a80347dc8a",
              "parentUUID": "146c72ea-ba84-4284-b0ea-b649844d1d08",
              "isHook": false,
              "skipped": false
            },
            {
              "title": "Validar se a página possui um elemento \"header\"",
              "fullTitle": "10 - Aplique elementos HTML de acordo com o sentido e propósito de cada um deles Validar se a página possui um elemento \"header\"",
              "timedOut": null,
              "duration": 48,
              "state": "passed",
              "speed": "medium",
              "pass": true,
              "fail": false,
              "pending": false,
              "context": null,
              "code": "(0, _ActionBase.shouldExist)('header');",
              "err": {},
              "uuid": "f224c1b2-7607-4b0f-b4b6-25e2bf2a6402",
              "parentUUID": "146c72ea-ba84-4284-b0ea-b649844d1d08",
              "isHook": false,
              "skipped": false
            },
            {
              "title": "Validar se a página possui um elemento \"nav\"",
              "fullTitle": "10 - Aplique elementos HTML de acordo com o sentido e propósito de cada um deles Validar se a página possui um elemento \"nav\"",
              "timedOut": null,
              "duration": 49,
              "state": "passed",
              "speed": "medium",
              "pass": true,
              "fail": false,
              "pending": false,
              "context": null,
              "code": "(0, _ActionBase.shouldExist)('nav');",
              "err": {},
              "uuid": "28258b72-54d3-4bd2-9f07-2ba8f194c65f",
              "parentUUID": "146c72ea-ba84-4284-b0ea-b649844d1d08",
              "isHook": false,
              "skipped": false
            },
            {
              "title": "Validar se a página possui um elemento \"section\"",
              "fullTitle": "10 - Aplique elementos HTML de acordo com o sentido e propósito de cada um deles Validar se a página possui um elemento \"section\"",
              "timedOut": null,
              "duration": 54,
              "state": "passed",
              "speed": "medium",
              "pass": true,
              "fail": false,
              "pending": false,
              "context": null,
              "code": "(0, _ActionBase.shouldExist)('section');",
              "err": {},
              "uuid": "755e4cb9-641a-47b2-82a1-7016f447022c",
              "parentUUID": "146c72ea-ba84-4284-b0ea-b649844d1d08",
              "isHook": false,
              "skipped": false
            },
            {
              "title": "Validar se a página possui um elemento \"aside\"",
              "fullTitle": "10 - Aplique elementos HTML de acordo com o sentido e propósito de cada um deles Validar se a página possui um elemento \"aside\"",
              "timedOut": null,
              "duration": 53,
              "state": "passed",
              "speed": "medium",
              "pass": true,
              "fail": false,
              "pending": false,
              "context": null,
              "code": "(0, _ActionBase.shouldExist)('aside');",
              "err": {},
              "uuid": "8d9e6d03-80dd-4ccf-a6c3-15cbda3fa7ff",
              "parentUUID": "146c72ea-ba84-4284-b0ea-b649844d1d08",
              "isHook": false,
              "skipped": false
            },
            {
              "title": "Validar se a página possui um elemento \"footer\"",
              "fullTitle": "10 - Aplique elementos HTML de acordo com o sentido e propósito de cada um deles Validar se a página possui um elemento \"footer\"",
              "timedOut": null,
              "duration": 49,
              "state": "passed",
              "speed": "medium",
              "pass": true,
              "fail": false,
              "pending": false,
              "context": null,
              "code": "(0, _ActionBase.shouldExist)('footer');",
              "err": {},
              "uuid": "269ed52b-2d99-44ca-b881-e5f91965a490",
              "parentUUID": "146c72ea-ba84-4284-b0ea-b649844d1d08",
              "isHook": false,
              "skipped": false
            }
          ],
          "suites": [],
          "passes": [
            "1bd03747-f220-4fa5-8b47-98a80347dc8a",
            "f224c1b2-7607-4b0f-b4b6-25e2bf2a6402",
            "28258b72-54d3-4bd2-9f07-2ba8f194c65f",
            "755e4cb9-641a-47b2-82a1-7016f447022c",
            "8d9e6d03-80dd-4ccf-a6c3-15cbda3fa7ff",
            "269ed52b-2d99-44ca-b881-e5f91965a490"
          ],
          "failures": [],
          "pending": [],
          "skipped": [],
          "duration": 307,
          "root": false,
          "rootEmpty": false,
          "_timeout": 2000
        },
        {
          "uuid": "c757d674-f19c-438a-ba30-c7bd90faf1c6",
          "title": "11 - Teste a semântica da sua página está aprovada pelo site CodeSniffer",
          "fullFile": "",
          "file": "",
          "beforeHooks": [],
          "afterHooks": [],
          "tests": [
            {
              "title": "Seu site deve passar sem problemas na verificação de semântica do site CodeSniffer",
              "fullTitle": "11 - Teste a semântica da sua página está aprovada pelo site CodeSniffer Seu site deve passar sem problemas na verificação de semântica do site CodeSniffer",
              "timedOut": null,
              "duration": 2030,
              "state": "passed",
              "speed": "slow",
              "pass": true,
              "fail": false,
              "pending": false,
              "context": null,
              "code": "cy.readFile('./index.html').then(function (content) {\n  cy.visit('http://squizlabs.github.io/HTML_CodeSniffer/');\n  cy.get('#runHTMLCS').click();\n  cy.get('#source').invoke('val', content).trigger('input');\n  cy.get('#run-button').click();\n  cy.get('.result-count-errors').contains(/^0$/);\n});",
              "err": {},
              "uuid": "214fbb4b-28f3-482d-92ca-6525d3b2815a",
              "parentUUID": "c757d674-f19c-438a-ba30-c7bd90faf1c6",
              "isHook": false,
              "skipped": false
            }
          ],
          "suites": [],
          "passes": [
            "214fbb4b-28f3-482d-92ca-6525d3b2815a"
          ],
          "failures": [],
          "pending": [],
          "skipped": [],
          "duration": 2030,
          "root": false,
          "rootEmpty": false,
          "_timeout": 2000
        }
      ],
      "passes": [],
      "failures": [],
      "pending": [],
      "skipped": [],
      "duration": 0,
      "root": true,
      "rootEmpty": true,
      "_timeout": 2000
    }
  ],
  "meta": {
    "mocha": {
      "version": "7.0.1"
    },
    "mochawesome": {
      "options": {
        "quiet": false,
        "reportFilename": "mochawesome",
        "saveHtml": false,
        "saveJson": true,
        "consoleReporter": "spec",
        "useInlineDiffs": false
      },
      "version": "4.1.0"
    },
    "marge": {
      "options": {
        "id": "default",
        "reportDir": "cypress/reports",
        "overwrite": false,
        "html": false,
        "json": true
      },
      "version": "4.1.0"
    }
  }
}