{
  "stats": {
    "suites": 11,
    "tests": 22,
    "passes": 15,
    "pending": 0,
    "failures": 7,
    "start": "2022-03-05T10:18:48.740Z",
    "end": "2022-03-05T10:19:55.946Z",
    "duration": 67206,
    "testsRegistered": 22,
    "passPercent": 68.18181818181817,
    "pendingPercent": 0,
    "other": 0,
    "hasOther": false,
    "skipped": 0,
    "hasSkipped": false
  },
  "results": [
    {
      "uuid": "ade75fdb-4615-4b30-b51d-af3af7af0088",
      "title": "",
      "fullFile": "cypress/integration/project.spec.js",
      "file": "cypress/integration/project.spec.js",
      "beforeHooks": [],
      "afterHooks": [],
      "tests": [],
      "suites": [
        {
          "uuid": "20d90b5a-0d95-4b9a-9c19-a9ed2429002d",
          "title": "1 - Adicione uma cor de fundo específica para a página",
          "fullFile": "",
          "file": "",
          "beforeHooks": [],
          "afterHooks": [],
          "tests": [
            {
              "title": "Possuir cor de fundo: rgb(253, 251, 251)",
              "fullTitle": "1 - Adicione uma cor de fundo específica para a página Possuir cor de fundo: rgb(253, 251, 251)",
              "timedOut": null,
              "duration": 273,
              "state": "passed",
              "speed": "slow",
              "pass": true,
              "fail": false,
              "pending": false,
              "context": null,
              "code": "cy.get('body').should('have.css', 'backgroundColor', 'rgb(253, 251, 251)');",
              "err": {},
              "uuid": "81ebcbf6-38df-4e4b-8edc-00349ec4cadd",
              "parentUUID": "20d90b5a-0d95-4b9a-9c19-a9ed2429002d",
              "isHook": false,
              "skipped": false
            }
          ],
          "suites": [],
          "passes": [
            "81ebcbf6-38df-4e4b-8edc-00349ec4cadd"
          ],
          "failures": [],
          "pending": [],
          "skipped": [],
          "duration": 273,
          "root": false,
          "rootEmpty": false,
          "_timeout": 2000
        },
        {
          "uuid": "532d5d3e-7b32-468e-8d0e-1ccee6b29b9d",
          "title": "2 - Adicione uma barra superior com um título",
          "fullFile": "",
          "file": "",
          "beforeHooks": [],
          "afterHooks": [],
          "tests": [
            {
              "title": "A barra deve possuir o ID \"cabecalho\"",
              "fullTitle": "2 - Adicione uma barra superior com um título A barra deve possuir o ID \"cabecalho\"",
              "timedOut": null,
              "duration": 71,
              "state": "passed",
              "speed": "medium",
              "pass": true,
              "fail": false,
              "pending": false,
              "context": null,
              "code": "(0, _ActionBase.shouldExist)('#cabecalho');",
              "err": {},
              "uuid": "e9fbb01b-8498-4ec2-b851-80bea9533efb",
              "parentUUID": "532d5d3e-7b32-468e-8d0e-1ccee6b29b9d",
              "isHook": false,
              "skipped": false
            },
            {
              "title": "A barra superior deve ser fixa no topo da página, com a propriedade top tendo o valor `0`",
              "fullTitle": "2 - Adicione uma barra superior com um título A barra superior deve ser fixa no topo da página, com a propriedade top tendo o valor `0`",
              "timedOut": null,
              "duration": 10071,
              "state": "failed",
              "speed": null,
              "pass": false,
              "fail": true,
              "pending": false,
              "context": null,
              "code": "cy.get('#cabecalho').should('have.css', 'position', 'fixed').should('have.css', 'top', '0px');",
              "err": {
                "message": "AssertionError: Timed out retrying: expected '<header#cabecalho.d-flex.flex-wrap.py-3.mb-4.border-bottom>' to have CSS property 'position' with the value 'fixed', but the value was 'static'",
                "estack": "AssertionError: Timed out retrying: expected '<header#cabecalho.d-flex.flex-wrap.py-3.mb-4.border-bottom>' to have CSS property 'position' with the value 'fixed', but the value was 'static'\n    at Context.eval (http://localhost:43683/__cypress/tests?p=cypress/integration/project.spec.js:159:26)",
                "diff": "- 'static'\n+ 'fixed'\n"
              },
              "uuid": "518cfb91-5b16-4385-b3e9-b628c91dd061",
              "parentUUID": "532d5d3e-7b32-468e-8d0e-1ccee6b29b9d",
              "isHook": false,
              "skipped": false
            },
            {
              "title": "O título deve estar dentro da barra e possuir o ID \"titulo\", além de ser uma tag \"h1\"",
              "fullTitle": "2 - Adicione uma barra superior com um título O título deve estar dentro da barra e possuir o ID \"titulo\", além de ser uma tag \"h1\"",
              "timedOut": null,
              "duration": 69,
              "state": "passed",
              "speed": "medium",
              "pass": true,
              "fail": false,
              "pending": false,
              "context": null,
              "code": "(0, _ActionBase.shouldExist)('#cabecalho h1#titulo');",
              "err": {},
              "uuid": "eaee5428-9272-4806-bd75-2f07e89234a6",
              "parentUUID": "532d5d3e-7b32-468e-8d0e-1ccee6b29b9d",
              "isHook": false,
              "skipped": false
            }
          ],
          "suites": [],
          "passes": [
            "e9fbb01b-8498-4ec2-b851-80bea9533efb",
            "eaee5428-9272-4806-bd75-2f07e89234a6"
          ],
          "failures": [
            "518cfb91-5b16-4385-b3e9-b628c91dd061"
          ],
          "pending": [],
          "skipped": [],
          "duration": 10211,
          "root": false,
          "rootEmpty": false,
          "_timeout": 2000
        },
        {
          "uuid": "d6a1c65d-1c5d-4b9c-854d-9385c41110b8",
          "title": "3 - Adicione uma foto sua à página",
          "fullFile": "",
          "file": "",
          "beforeHooks": [],
          "afterHooks": [],
          "tests": [
            {
              "title": "A foto deve ser inserida utilizando uma tag img com o ID \"minha_foto\"",
              "fullTitle": "3 - Adicione uma foto sua à página A foto deve ser inserida utilizando uma tag img com o ID \"minha_foto\"",
              "timedOut": null,
              "duration": 64,
              "state": "passed",
              "speed": "medium",
              "pass": true,
              "fail": false,
              "pending": false,
              "context": null,
              "code": "cy.get('img#minha_foto').should('have.attr', 'src');",
              "err": {},
              "uuid": "61ca5003-5c07-4f70-a59f-26185c0d622f",
              "parentUUID": "d6a1c65d-1c5d-4b9c-854d-9385c41110b8",
              "isHook": false,
              "skipped": false
            }
          ],
          "suites": [],
          "passes": [
            "61ca5003-5c07-4f70-a59f-26185c0d622f"
          ],
          "failures": [],
          "pending": [],
          "skipped": [],
          "duration": 64,
          "root": false,
          "rootEmpty": false,
          "_timeout": 2000
        },
        {
          "uuid": "724ea145-91d3-445a-b0af-47fa6664d3fa",
          "title": "4 - Adicione uma lista de lições aprendidas à página",
          "fullFile": "",
          "file": "",
          "beforeHooks": [],
          "afterHooks": [],
          "tests": [
            {
              "title": "A lista deve ser numerada e possuir o ID \"licoes_aprendidas\"",
              "fullTitle": "4 - Adicione uma lista de lições aprendidas à página A lista deve ser numerada e possuir o ID \"licoes_aprendidas\"",
              "timedOut": null,
              "duration": 10066,
              "state": "failed",
              "speed": null,
              "pass": false,
              "fail": true,
              "pending": false,
              "context": null,
              "code": "(0, _ActionBase.shouldExist)('ol#licoes_aprendidas');",
              "err": {
                "message": "AssertionError: Timed out retrying: Expected to find element: `ol#licoes_aprendidas`, but never found it.",
                "estack": "AssertionError: Timed out retrying: Expected to find element: `ol#licoes_aprendidas`, but never found it.\n    at shouldExist (http://localhost:43683/__cypress/tests?p=cypress/integration/project.spec.js:108:20)\n    at Context.eval (http://localhost:43683/__cypress/tests?p=cypress/integration/project.spec.js:178:33)",
                "diff": null
              },
              "uuid": "a459f035-1279-4c6f-beae-aec81d73f3e7",
              "parentUUID": "724ea145-91d3-445a-b0af-47fa6664d3fa",
              "isHook": false,
              "skipped": false
            },
            {
              "title": "A lista deve possuir 10 itens",
              "fullTitle": "4 - Adicione uma lista de lições aprendidas à página A lista deve possuir 10 itens",
              "timedOut": null,
              "duration": 10078,
              "state": "failed",
              "speed": null,
              "pass": false,
              "fail": true,
              "pending": false,
              "context": null,
              "code": "cy.get('ol#licoes_aprendidas').find('li').should('have.length', 10);",
              "err": {
                "message": "AssertionError: Timed out retrying: Expected to find element: `ol#licoes_aprendidas`, but never found it.",
                "estack": "AssertionError: Timed out retrying: Expected to find element: `ol#licoes_aprendidas`, but never found it.\n    at Context.eval (http://localhost:43683/__cypress/tests?p=cypress/integration/project.spec.js:181:8)",
                "diff": null
              },
              "uuid": "fd6dd7f3-6d3e-4396-826d-3743431abb0a",
              "parentUUID": "724ea145-91d3-445a-b0af-47fa6664d3fa",
              "isHook": false,
              "skipped": false
            }
          ],
          "suites": [],
          "passes": [],
          "failures": [
            "a459f035-1279-4c6f-beae-aec81d73f3e7",
            "fd6dd7f3-6d3e-4396-826d-3743431abb0a"
          ],
          "pending": [],
          "skipped": [],
          "duration": 20144,
          "root": false,
          "rootEmpty": false,
          "_timeout": 2000
        },
        {
          "uuid": "41fe2f0d-e97a-4b02-ba7b-1ba36c0f7ee3",
          "title": "5 - Crie uma lista de lições que ainda deseja aprender para a página",
          "fullFile": "",
          "file": "",
          "beforeHooks": [],
          "afterHooks": [],
          "tests": [
            {
              "title": "A lista não deve ser numerada e deve possuir o ID \"licoes_a_aprender\"",
              "fullTitle": "5 - Crie uma lista de lições que ainda deseja aprender para a página A lista não deve ser numerada e deve possuir o ID \"licoes_a_aprender\"",
              "timedOut": null,
              "duration": 10091,
              "state": "failed",
              "speed": null,
              "pass": false,
              "fail": true,
              "pending": false,
              "context": null,
              "code": "(0, _ActionBase.shouldExist)('ul#licoes_a_aprender');",
              "err": {
                "message": "AssertionError: Timed out retrying: Expected to find element: `ul#licoes_a_aprender`, but never found it.",
                "estack": "AssertionError: Timed out retrying: Expected to find element: `ul#licoes_a_aprender`, but never found it.\n    at shouldExist (http://localhost:43683/__cypress/tests?p=cypress/integration/project.spec.js:108:20)\n    at Context.eval (http://localhost:43683/__cypress/tests?p=cypress/integration/project.spec.js:189:33)",
                "diff": null
              },
              "uuid": "2d92c67f-c5ec-497f-b6ac-1370910cdb11",
              "parentUUID": "41fe2f0d-e97a-4b02-ba7b-1ba36c0f7ee3",
              "isHook": false,
              "skipped": false
            },
            {
              "title": "A lista deve possuir 10 itens",
              "fullTitle": "5 - Crie uma lista de lições que ainda deseja aprender para a página A lista deve possuir 10 itens",
              "timedOut": null,
              "duration": 10129,
              "state": "failed",
              "speed": null,
              "pass": false,
              "fail": true,
              "pending": false,
              "context": null,
              "code": "cy.get('ul#licoes_a_aprender').find('li').should('have.length', 10);",
              "err": {
                "message": "AssertionError: Timed out retrying: Expected to find element: `ul#licoes_a_aprender`, but never found it.",
                "estack": "AssertionError: Timed out retrying: Expected to find element: `ul#licoes_a_aprender`, but never found it.\n    at Context.eval (http://localhost:43683/__cypress/tests?p=cypress/integration/project.spec.js:192:8)",
                "diff": null
              },
              "uuid": "cce68115-c771-44f3-9357-4b5cfee800d1",
              "parentUUID": "41fe2f0d-e97a-4b02-ba7b-1ba36c0f7ee3",
              "isHook": false,
              "skipped": false
            }
          ],
          "suites": [],
          "passes": [],
          "failures": [
            "2d92c67f-c5ec-497f-b6ac-1370910cdb11",
            "cce68115-c771-44f3-9357-4b5cfee800d1"
          ],
          "pending": [],
          "skipped": [],
          "duration": 20220,
          "root": false,
          "rootEmpty": false,
          "_timeout": 2000
        },
        {
          "uuid": "5c010d05-b96c-482b-895c-0d5a1a711237",
          "title": "6 - Adicione um rodapé para a página",
          "fullFile": "",
          "file": "",
          "beforeHooks": [],
          "afterHooks": [],
          "tests": [
            {
              "title": "O rodapé deve possuir o ID \"rodape\"",
              "fullTitle": "6 - Adicione um rodapé para a página O rodapé deve possuir o ID \"rodape\"",
              "timedOut": null,
              "duration": 140,
              "state": "passed",
              "speed": "slow",
              "pass": true,
              "fail": false,
              "pending": false,
              "context": null,
              "code": "cy.get('footer#rodape').should('exist');",
              "err": {},
              "uuid": "b6a0d7dd-da8d-40ba-9b22-1a7f8d890f6e",
              "parentUUID": "5c010d05-b96c-482b-895c-0d5a1a711237",
              "isHook": false,
              "skipped": false
            }
          ],
          "suites": [],
          "passes": [
            "b6a0d7dd-da8d-40ba-9b22-1a7f8d890f6e"
          ],
          "failures": [],
          "pending": [],
          "skipped": [],
          "duration": 140,
          "root": false,
          "rootEmpty": false,
          "_timeout": 2000
        },
        {
          "uuid": "0970c077-7e83-4c0f-890d-5f6acf6d76a1",
          "title": "7 - Insira pelo menos um link externo na página",
          "fullFile": "",
          "file": "",
          "beforeHooks": [],
          "afterHooks": [],
          "tests": [
            {
              "title": "A configuração desse link deve ser feita para abrir em uma nova aba do navegador",
              "fullTitle": "7 - Insira pelo menos um link externo na página A configuração desse link deve ser feita para abrir em uma nova aba do navegador",
              "timedOut": null,
              "duration": 129,
              "state": "passed",
              "speed": "slow",
              "pass": true,
              "fail": false,
              "pending": false,
              "context": null,
              "code": "cy.get('a').then(function (a) {\n  var actual = Array.from(a).some(function (element) {\n    return element.target === '_blank' && element.href !== '';\n  });\n  expect(actual).to.be[\"true\"];\n});",
              "err": {},
              "uuid": "4015fafb-1434-4d48-82a2-6f265419cc10",
              "parentUUID": "0970c077-7e83-4c0f-890d-5f6acf6d76a1",
              "isHook": false,
              "skipped": false
            }
          ],
          "suites": [],
          "passes": [
            "4015fafb-1434-4d48-82a2-6f265419cc10"
          ],
          "failures": [],
          "pending": [],
          "skipped": [],
          "duration": 129,
          "root": false,
          "rootEmpty": false,
          "_timeout": 2000
        },
        {
          "uuid": "1c5ca6d5-4a4d-4f10-a8c5-fb19b1bf31d1",
          "title": "8 - Crie um artigo sobre seu aprendizado",
          "fullFile": "",
          "file": "",
          "beforeHooks": [],
          "afterHooks": [],
          "tests": [
            {
              "title": "A `tag` `article` devem ser utilizadas",
              "fullTitle": "8 - Crie um artigo sobre seu aprendizado A `tag` `article` devem ser utilizadas",
              "timedOut": null,
              "duration": 147,
              "state": "passed",
              "speed": "slow",
              "pass": true,
              "fail": false,
              "pending": false,
              "context": null,
              "code": "(0, _ActionBase.shouldExist)('article');",
              "err": {},
              "uuid": "166baccd-9063-408b-8b21-e1ae8a459ece",
              "parentUUID": "1c5ca6d5-4a4d-4f10-a8c5-fb19b1bf31d1",
              "isHook": false,
              "skipped": false
            },
            {
              "title": "O artigo deve ter mais de 300 caracteres e menos de 600",
              "fullTitle": "8 - Crie um artigo sobre seu aprendizado O artigo deve ter mais de 300 caracteres e menos de 600",
              "timedOut": null,
              "duration": 124,
              "state": "failed",
              "speed": null,
              "pass": false,
              "fail": true,
              "pending": false,
              "context": null,
              "code": "cy.get('article').invoke('text').then(function (text) {\n  expect(text).to.have.length.of.at.most(600);\n  expect(text).to.have.length.of.at.above(300);\n});",
              "err": {
                "message": "AssertionError: expected '\\n                        Projeto Lições Aprendidas\\n                        Olá, meu nome é Felipe, normalmente as pessoas me chamam pelo sobrenome, Lippelt, e sou um\\n                            WebDev aprendiz no curso da Trybe. Este é meu primeiro projeto realizado no curso!\\n                        \\n                         O intuito deste projeto é demonstrar todos os conhecimentos adquiridos até o momento durante\\n                            o\\n                            curso, praticar os seus usos bem como nossa criatividade, além de mostrar o que ainda iremos\\n                            aprender até a conclusão do Bootcamp.\\n                    ' to have a length at most 600 but got 657",
                "estack": "AssertionError: expected '\\n                        Projeto Lições Aprendidas\\n                        Olá, meu nome é Felipe, normalmente as pessoas me chamam pelo sobrenome, Lippelt, e sou um\\n                            WebDev aprendiz no curso da Trybe. Este é meu primeiro projeto realizado no curso!\\n                        \\n                         O intuito deste projeto é demonstrar todos os conhecimentos adquiridos até o momento durante\\n                            o\\n                            curso, praticar os seus usos bem como nossa criatividade, além de mostrar o que ainda iremos\\n                            aprender até a conclusão do Bootcamp.\\n                    ' to have a length at most 600 but got 657\n    at Context.eval (http://localhost:43683/__cypress/tests?p=cypress/integration/project.spec.js:225:41)",
                "diff": "- 657\n+ 600\n"
              },
              "uuid": "74a3a23e-8caf-4fab-b637-2fe34c103f25",
              "parentUUID": "1c5ca6d5-4a4d-4f10-a8c5-fb19b1bf31d1",
              "isHook": false,
              "skipped": false
            }
          ],
          "suites": [],
          "passes": [
            "166baccd-9063-408b-8b21-e1ae8a459ece"
          ],
          "failures": [
            "74a3a23e-8caf-4fab-b637-2fe34c103f25"
          ],
          "pending": [],
          "skipped": [],
          "duration": 271,
          "root": false,
          "rootEmpty": false,
          "_timeout": 2000
        },
        {
          "uuid": "7a3c12ef-59f9-4024-8d50-a00334a36aaa",
          "title": "9 - Crie uma seção que conta uma passagem sobre seu aprendizado",
          "fullFile": "",
          "file": "",
          "beforeHooks": [],
          "afterHooks": [],
          "tests": [
            {
              "title": "A `tag` `aside` deve ser utilizada",
              "fullTitle": "9 - Crie uma seção que conta uma passagem sobre seu aprendizado A `tag` `aside` deve ser utilizada",
              "timedOut": null,
              "duration": 130,
              "state": "passed",
              "speed": "slow",
              "pass": true,
              "fail": false,
              "pending": false,
              "context": null,
              "code": "(0, _ActionBase.shouldExist)('aside');",
              "err": {},
              "uuid": "18b13bc8-8971-42c4-a217-972b02892e33",
              "parentUUID": "7a3c12ef-59f9-4024-8d50-a00334a36aaa",
              "isHook": false,
              "skipped": false
            },
            {
              "title": "A seção deve ter mais que 100 caracteres e menos que 300",
              "fullTitle": "9 - Crie uma seção que conta uma passagem sobre seu aprendizado A seção deve ter mais que 100 caracteres e menos que 300",
              "timedOut": null,
              "duration": 218,
              "state": "passed",
              "speed": "slow",
              "pass": true,
              "fail": false,
              "pending": false,
              "context": null,
              "code": "cy.get('aside').invoke('text').then(function (text) {\n  expect(text).to.have.length.of.at.above(100);\n  expect(text).to.have.length.of.at.most(300);\n});",
              "err": {},
              "uuid": "d8f78ff8-b65e-4bc5-bc2b-b08073852d50",
              "parentUUID": "7a3c12ef-59f9-4024-8d50-a00334a36aaa",
              "isHook": false,
              "skipped": false
            }
          ],
          "suites": [],
          "passes": [
            "18b13bc8-8971-42c4-a217-972b02892e33",
            "d8f78ff8-b65e-4bc5-bc2b-b08073852d50"
          ],
          "failures": [],
          "pending": [],
          "skipped": [],
          "duration": 348,
          "root": false,
          "rootEmpty": false,
          "_timeout": 2000
        },
        {
          "uuid": "ba427950-95ed-42d9-834e-77f61ce08837",
          "title": "10 - Aplique elementos HTML de acordo com o sentido e propósito de cada um deles",
          "fullFile": "",
          "file": "",
          "beforeHooks": [],
          "afterHooks": [],
          "tests": [
            {
              "title": "Validar se a página possui um elemento \"article\"",
              "fullTitle": "10 - Aplique elementos HTML de acordo com o sentido e propósito de cada um deles Validar se a página possui um elemento \"article\"",
              "timedOut": null,
              "duration": 114,
              "state": "passed",
              "speed": "slow",
              "pass": true,
              "fail": false,
              "pending": false,
              "context": null,
              "code": "(0, _ActionBase.shouldExist)('article');",
              "err": {},
              "uuid": "aed06f50-1696-41ec-841c-330965477364",
              "parentUUID": "ba427950-95ed-42d9-834e-77f61ce08837",
              "isHook": false,
              "skipped": false
            },
            {
              "title": "Validar se a página possui um elemento \"header\"",
              "fullTitle": "10 - Aplique elementos HTML de acordo com o sentido e propósito de cada um deles Validar se a página possui um elemento \"header\"",
              "timedOut": null,
              "duration": 139,
              "state": "passed",
              "speed": "slow",
              "pass": true,
              "fail": false,
              "pending": false,
              "context": null,
              "code": "(0, _ActionBase.shouldExist)('header');",
              "err": {},
              "uuid": "dc54c3cd-0fb1-41f9-8a70-026e3d6bf4fb",
              "parentUUID": "ba427950-95ed-42d9-834e-77f61ce08837",
              "isHook": false,
              "skipped": false
            },
            {
              "title": "Validar se a página possui um elemento \"nav\"",
              "fullTitle": "10 - Aplique elementos HTML de acordo com o sentido e propósito de cada um deles Validar se a página possui um elemento \"nav\"",
              "timedOut": null,
              "duration": 141,
              "state": "passed",
              "speed": "slow",
              "pass": true,
              "fail": false,
              "pending": false,
              "context": null,
              "code": "(0, _ActionBase.shouldExist)('nav');",
              "err": {},
              "uuid": "f09925a9-4ce5-40b4-ab4a-39bdcf0a74ae",
              "parentUUID": "ba427950-95ed-42d9-834e-77f61ce08837",
              "isHook": false,
              "skipped": false
            },
            {
              "title": "Validar se a página possui um elemento \"section\"",
              "fullTitle": "10 - Aplique elementos HTML de acordo com o sentido e propósito de cada um deles Validar se a página possui um elemento \"section\"",
              "timedOut": null,
              "duration": 126,
              "state": "passed",
              "speed": "slow",
              "pass": true,
              "fail": false,
              "pending": false,
              "context": null,
              "code": "(0, _ActionBase.shouldExist)('section');",
              "err": {},
              "uuid": "1bc4433b-378b-49d7-9a52-24ac81c05d36",
              "parentUUID": "ba427950-95ed-42d9-834e-77f61ce08837",
              "isHook": false,
              "skipped": false
            },
            {
              "title": "Validar se a página possui um elemento \"aside\"",
              "fullTitle": "10 - Aplique elementos HTML de acordo com o sentido e propósito de cada um deles Validar se a página possui um elemento \"aside\"",
              "timedOut": null,
              "duration": 108,
              "state": "passed",
              "speed": "slow",
              "pass": true,
              "fail": false,
              "pending": false,
              "context": null,
              "code": "(0, _ActionBase.shouldExist)('aside');",
              "err": {},
              "uuid": "d25ccfd9-1f0a-47d4-9c45-4e76c917c96e",
              "parentUUID": "ba427950-95ed-42d9-834e-77f61ce08837",
              "isHook": false,
              "skipped": false
            },
            {
              "title": "Validar se a página possui um elemento \"footer\"",
              "fullTitle": "10 - Aplique elementos HTML de acordo com o sentido e propósito de cada um deles Validar se a página possui um elemento \"footer\"",
              "timedOut": null,
              "duration": 120,
              "state": "passed",
              "speed": "slow",
              "pass": true,
              "fail": false,
              "pending": false,
              "context": null,
              "code": "(0, _ActionBase.shouldExist)('footer');",
              "err": {},
              "uuid": "a4b08d2b-d261-4759-9cb3-2ba4358b57d0",
              "parentUUID": "ba427950-95ed-42d9-834e-77f61ce08837",
              "isHook": false,
              "skipped": false
            }
          ],
          "suites": [],
          "passes": [
            "aed06f50-1696-41ec-841c-330965477364",
            "dc54c3cd-0fb1-41f9-8a70-026e3d6bf4fb",
            "f09925a9-4ce5-40b4-ab4a-39bdcf0a74ae",
            "1bc4433b-378b-49d7-9a52-24ac81c05d36",
            "d25ccfd9-1f0a-47d4-9c45-4e76c917c96e",
            "a4b08d2b-d261-4759-9cb3-2ba4358b57d0"
          ],
          "failures": [],
          "pending": [],
          "skipped": [],
          "duration": 748,
          "root": false,
          "rootEmpty": false,
          "_timeout": 2000
        },
        {
          "uuid": "30749937-476b-4295-99a7-5ef6b957b923",
          "title": "11 - Teste a semântica da sua página está aprovada pelo site CodeSniffer",
          "fullFile": "",
          "file": "",
          "beforeHooks": [],
          "afterHooks": [],
          "tests": [
            {
              "title": "Seu site deve passar sem problemas na verificação de semântica do site CodeSniffer",
              "fullTitle": "11 - Teste a semântica da sua página está aprovada pelo site CodeSniffer Seu site deve passar sem problemas na verificação de semântica do site CodeSniffer",
              "timedOut": null,
              "duration": 13094,
              "state": "failed",
              "speed": null,
              "pass": false,
              "fail": true,
              "pending": false,
              "context": null,
              "code": "cy.readFile('./index.html').then(function (content) {\n  cy.visit('http://squizlabs.github.io/HTML_CodeSniffer/');\n  cy.get('#runHTMLCS').click();\n  cy.get('#source').invoke('val', content).trigger('input');\n  cy.get('#run-button').click();\n  cy.get('.result-count-errors').contains(/^0$/);\n});",
              "err": {
                "message": "AssertionError: Timed out retrying: Expected to find content: '/^0$/' within the element: <span.result-count.result-count-errors> but never did.",
                "estack": "AssertionError: Timed out retrying: Expected to find content: '/^0$/' within the element: <span.result-count.result-count-errors> but never did.\n    at Context.eval (http://squizlabs.github.io/__cypress/tests?p=cypress/integration/project.spec.js:274:38)",
                "diff": null
              },
              "uuid": "a4fa9a40-d929-4005-85fb-5938b28aff98",
              "parentUUID": "30749937-476b-4295-99a7-5ef6b957b923",
              "isHook": false,
              "skipped": false
            }
          ],
          "suites": [],
          "passes": [],
          "failures": [
            "a4fa9a40-d929-4005-85fb-5938b28aff98"
          ],
          "pending": [],
          "skipped": [],
          "duration": 13094,
          "root": false,
          "rootEmpty": false,
          "_timeout": 2000
        }
      ],
      "passes": [],
      "failures": [],
      "pending": [],
      "skipped": [],
      "duration": 0,
      "root": true,
      "rootEmpty": true,
      "_timeout": 2000
    }
  ],
  "meta": {
    "mocha": {
      "version": "7.0.1"
    },
    "mochawesome": {
      "options": {
        "quiet": false,
        "reportFilename": "mochawesome",
        "saveHtml": false,
        "saveJson": true,
        "consoleReporter": "spec",
        "useInlineDiffs": false
      },
      "version": "4.1.0"
    },
    "marge": {
      "options": {
        "id": "default",
        "reportDir": "cypress/reports",
        "overwrite": false,
        "html": false,
        "json": true
      },
      "version": "4.1.0"
    }
  }
}