{
  "stats": {
    "suites": 11,
    "tests": 22,
    "passes": 20,
    "pending": 0,
    "failures": 2,
    "start": "2022-03-05T10:26:59.258Z",
    "end": "2022-03-05T10:27:14.331Z",
    "duration": 15073,
    "testsRegistered": 22,
    "passPercent": 90.9090909090909,
    "pendingPercent": 0,
    "other": 0,
    "hasOther": false,
    "skipped": 0,
    "hasSkipped": false
  },
  "results": [
    {
      "uuid": "9f97ef59-dd5e-47e4-9b72-55b84274c0a6",
      "title": "",
      "fullFile": "cypress/integration/project.spec.js",
      "file": "cypress/integration/project.spec.js",
      "beforeHooks": [],
      "afterHooks": [],
      "tests": [],
      "suites": [
        {
          "uuid": "74025de1-2bc4-415d-990d-afcf989dda38",
          "title": "1 - Adicione uma cor de fundo específica para a página",
          "fullFile": "",
          "file": "",
          "beforeHooks": [],
          "afterHooks": [],
          "tests": [
            {
              "title": "Possuir cor de fundo: rgb(253, 251, 251)",
              "fullTitle": "1 - Adicione uma cor de fundo específica para a página Possuir cor de fundo: rgb(253, 251, 251)",
              "timedOut": null,
              "duration": 338,
              "state": "passed",
              "speed": "slow",
              "pass": true,
              "fail": false,
              "pending": false,
              "context": null,
              "code": "cy.get('body').should('have.css', 'backgroundColor', 'rgb(253, 251, 251)');",
              "err": {},
              "uuid": "6800c512-51b9-45a9-808e-6ca9e92f5279",
              "parentUUID": "74025de1-2bc4-415d-990d-afcf989dda38",
              "isHook": false,
              "skipped": false
            }
          ],
          "suites": [],
          "passes": [
            "6800c512-51b9-45a9-808e-6ca9e92f5279"
          ],
          "failures": [],
          "pending": [],
          "skipped": [],
          "duration": 338,
          "root": false,
          "rootEmpty": false,
          "_timeout": 2000
        },
        {
          "uuid": "692f7597-082b-4dc7-a424-744f907a2bc8",
          "title": "2 - Adicione uma barra superior com um título",
          "fullFile": "",
          "file": "",
          "beforeHooks": [],
          "afterHooks": [],
          "tests": [
            {
              "title": "A barra deve possuir o ID \"cabecalho\"",
              "fullTitle": "2 - Adicione uma barra superior com um título A barra deve possuir o ID \"cabecalho\"",
              "timedOut": null,
              "duration": 73,
              "state": "passed",
              "speed": "medium",
              "pass": true,
              "fail": false,
              "pending": false,
              "context": null,
              "code": "(0, _ActionBase.shouldExist)('#cabecalho');",
              "err": {},
              "uuid": "5c6334a0-cb17-430c-99c0-7ebcd5d8b58c",
              "parentUUID": "692f7597-082b-4dc7-a424-744f907a2bc8",
              "isHook": false,
              "skipped": false
            },
            {
              "title": "A barra superior deve ser fixa no topo da página, com a propriedade top tendo o valor `0`",
              "fullTitle": "2 - Adicione uma barra superior com um título A barra superior deve ser fixa no topo da página, com a propriedade top tendo o valor `0`",
              "timedOut": null,
              "duration": 60,
              "state": "passed",
              "speed": "medium",
              "pass": true,
              "fail": false,
              "pending": false,
              "context": null,
              "code": "cy.get('#cabecalho').should('have.css', 'position', 'fixed').should('have.css', 'top', '0px');",
              "err": {},
              "uuid": "ee4c9aa8-4094-47e2-a816-b80c786d552e",
              "parentUUID": "692f7597-082b-4dc7-a424-744f907a2bc8",
              "isHook": false,
              "skipped": false
            },
            {
              "title": "O título deve estar dentro da barra e possuir o ID \"titulo\", além de ser uma tag \"h1\"",
              "fullTitle": "2 - Adicione uma barra superior com um título O título deve estar dentro da barra e possuir o ID \"titulo\", além de ser uma tag \"h1\"",
              "timedOut": null,
              "duration": 62,
              "state": "passed",
              "speed": "medium",
              "pass": true,
              "fail": false,
              "pending": false,
              "context": null,
              "code": "(0, _ActionBase.shouldExist)('#cabecalho h1#titulo');",
              "err": {},
              "uuid": "529cb919-d665-4c49-8ecd-71c313f3c02a",
              "parentUUID": "692f7597-082b-4dc7-a424-744f907a2bc8",
              "isHook": false,
              "skipped": false
            }
          ],
          "suites": [],
          "passes": [
            "5c6334a0-cb17-430c-99c0-7ebcd5d8b58c",
            "ee4c9aa8-4094-47e2-a816-b80c786d552e",
            "529cb919-d665-4c49-8ecd-71c313f3c02a"
          ],
          "failures": [],
          "pending": [],
          "skipped": [],
          "duration": 195,
          "root": false,
          "rootEmpty": false,
          "_timeout": 2000
        },
        {
          "uuid": "c15832da-3081-4dd9-902b-12cc88ae8307",
          "title": "3 - Adicione uma foto sua à página",
          "fullFile": "",
          "file": "",
          "beforeHooks": [],
          "afterHooks": [],
          "tests": [
            {
              "title": "A foto deve ser inserida utilizando uma tag img com o ID \"minha_foto\"",
              "fullTitle": "3 - Adicione uma foto sua à página A foto deve ser inserida utilizando uma tag img com o ID \"minha_foto\"",
              "timedOut": null,
              "duration": 71,
              "state": "passed",
              "speed": "medium",
              "pass": true,
              "fail": false,
              "pending": false,
              "context": null,
              "code": "cy.get('img#minha_foto').should('have.attr', 'src');",
              "err": {},
              "uuid": "b29484fc-a088-409d-8aeb-1485dd5dd1ae",
              "parentUUID": "c15832da-3081-4dd9-902b-12cc88ae8307",
              "isHook": false,
              "skipped": false
            }
          ],
          "suites": [],
          "passes": [
            "b29484fc-a088-409d-8aeb-1485dd5dd1ae"
          ],
          "failures": [],
          "pending": [],
          "skipped": [],
          "duration": 71,
          "root": false,
          "rootEmpty": false,
          "_timeout": 2000
        },
        {
          "uuid": "f8ffd729-46f0-4a1a-a2c9-fa2645f1d99d",
          "title": "4 - Adicione uma lista de lições aprendidas à página",
          "fullFile": "",
          "file": "",
          "beforeHooks": [],
          "afterHooks": [],
          "tests": [
            {
              "title": "A lista deve ser numerada e possuir o ID \"licoes_aprendidas\"",
              "fullTitle": "4 - Adicione uma lista de lições aprendidas à página A lista deve ser numerada e possuir o ID \"licoes_aprendidas\"",
              "timedOut": null,
              "duration": 71,
              "state": "passed",
              "speed": "medium",
              "pass": true,
              "fail": false,
              "pending": false,
              "context": null,
              "code": "(0, _ActionBase.shouldExist)('ol#licoes_aprendidas');",
              "err": {},
              "uuid": "f6b7c7cc-05c5-467d-b4a4-77cd58378e7e",
              "parentUUID": "f8ffd729-46f0-4a1a-a2c9-fa2645f1d99d",
              "isHook": false,
              "skipped": false
            },
            {
              "title": "A lista deve possuir 10 itens",
              "fullTitle": "4 - Adicione uma lista de lições aprendidas à página A lista deve possuir 10 itens",
              "timedOut": null,
              "duration": 86,
              "state": "passed",
              "speed": "slow",
              "pass": true,
              "fail": false,
              "pending": false,
              "context": null,
              "code": "cy.get('ol#licoes_aprendidas').find('li').should('have.length', 10);",
              "err": {},
              "uuid": "fe80e006-1c7e-4841-9c2b-5fbc1eff9d75",
              "parentUUID": "f8ffd729-46f0-4a1a-a2c9-fa2645f1d99d",
              "isHook": false,
              "skipped": false
            }
          ],
          "suites": [],
          "passes": [
            "f6b7c7cc-05c5-467d-b4a4-77cd58378e7e",
            "fe80e006-1c7e-4841-9c2b-5fbc1eff9d75"
          ],
          "failures": [],
          "pending": [],
          "skipped": [],
          "duration": 157,
          "root": false,
          "rootEmpty": false,
          "_timeout": 2000
        },
        {
          "uuid": "ac2dd6a2-df1c-4490-91d0-9bdb859aa932",
          "title": "5 - Crie uma lista de lições que ainda deseja aprender para a página",
          "fullFile": "",
          "file": "",
          "beforeHooks": [],
          "afterHooks": [],
          "tests": [
            {
              "title": "A lista não deve ser numerada e deve possuir o ID \"licoes_a_aprender\"",
              "fullTitle": "5 - Crie uma lista de lições que ainda deseja aprender para a página A lista não deve ser numerada e deve possuir o ID \"licoes_a_aprender\"",
              "timedOut": null,
              "duration": 117,
              "state": "passed",
              "speed": "slow",
              "pass": true,
              "fail": false,
              "pending": false,
              "context": null,
              "code": "(0, _ActionBase.shouldExist)('ul#licoes_a_aprender');",
              "err": {},
              "uuid": "add3a4db-835b-4f2b-bac3-4bf624a5cd47",
              "parentUUID": "ac2dd6a2-df1c-4490-91d0-9bdb859aa932",
              "isHook": false,
              "skipped": false
            },
            {
              "title": "A lista deve possuir 10 itens",
              "fullTitle": "5 - Crie uma lista de lições que ainda deseja aprender para a página A lista deve possuir 10 itens",
              "timedOut": null,
              "duration": 84,
              "state": "passed",
              "speed": "slow",
              "pass": true,
              "fail": false,
              "pending": false,
              "context": null,
              "code": "cy.get('ul#licoes_a_aprender').find('li').should('have.length', 10);",
              "err": {},
              "uuid": "41497657-f2aa-4fa3-9cb9-6ae931c86def",
              "parentUUID": "ac2dd6a2-df1c-4490-91d0-9bdb859aa932",
              "isHook": false,
              "skipped": false
            }
          ],
          "suites": [],
          "passes": [
            "add3a4db-835b-4f2b-bac3-4bf624a5cd47",
            "41497657-f2aa-4fa3-9cb9-6ae931c86def"
          ],
          "failures": [],
          "pending": [],
          "skipped": [],
          "duration": 201,
          "root": false,
          "rootEmpty": false,
          "_timeout": 2000
        },
        {
          "uuid": "ad7d17d4-589f-4425-ab88-8c29ca96ae62",
          "title": "6 - Adicione um rodapé para a página",
          "fullFile": "",
          "file": "",
          "beforeHooks": [],
          "afterHooks": [],
          "tests": [
            {
              "title": "O rodapé deve possuir o ID \"rodape\"",
              "fullTitle": "6 - Adicione um rodapé para a página O rodapé deve possuir o ID \"rodape\"",
              "timedOut": null,
              "duration": 64,
              "state": "passed",
              "speed": "medium",
              "pass": true,
              "fail": false,
              "pending": false,
              "context": null,
              "code": "cy.get('footer#rodape').should('exist');",
              "err": {},
              "uuid": "9bb21730-ad7f-47dd-9d00-dcb50ed9e92e",
              "parentUUID": "ad7d17d4-589f-4425-ab88-8c29ca96ae62",
              "isHook": false,
              "skipped": false
            }
          ],
          "suites": [],
          "passes": [
            "9bb21730-ad7f-47dd-9d00-dcb50ed9e92e"
          ],
          "failures": [],
          "pending": [],
          "skipped": [],
          "duration": 64,
          "root": false,
          "rootEmpty": false,
          "_timeout": 2000
        },
        {
          "uuid": "d5cb6733-fc4f-4589-88d6-3e2aaaf0fc9d",
          "title": "7 - Insira pelo menos um link externo na página",
          "fullFile": "",
          "file": "",
          "beforeHooks": [],
          "afterHooks": [],
          "tests": [
            {
              "title": "A configuração desse link deve ser feita para abrir em uma nova aba do navegador",
              "fullTitle": "7 - Insira pelo menos um link externo na página A configuração desse link deve ser feita para abrir em uma nova aba do navegador",
              "timedOut": null,
              "duration": 74,
              "state": "passed",
              "speed": "medium",
              "pass": true,
              "fail": false,
              "pending": false,
              "context": null,
              "code": "cy.get('a').then(function (a) {\n  var actual = Array.from(a).some(function (element) {\n    return element.target === '_blank' && element.href !== '';\n  });\n  expect(actual).to.be[\"true\"];\n});",
              "err": {},
              "uuid": "5f4a8fd5-d08e-4e4f-a152-95c1f4507968",
              "parentUUID": "d5cb6733-fc4f-4589-88d6-3e2aaaf0fc9d",
              "isHook": false,
              "skipped": false
            }
          ],
          "suites": [],
          "passes": [
            "5f4a8fd5-d08e-4e4f-a152-95c1f4507968"
          ],
          "failures": [],
          "pending": [],
          "skipped": [],
          "duration": 74,
          "root": false,
          "rootEmpty": false,
          "_timeout": 2000
        },
        {
          "uuid": "b1af3421-1475-4978-89d0-86ed159b22b7",
          "title": "8 - Crie um artigo sobre seu aprendizado",
          "fullFile": "",
          "file": "",
          "beforeHooks": [],
          "afterHooks": [],
          "tests": [
            {
              "title": "A `tag` `article` devem ser utilizadas",
              "fullTitle": "8 - Crie um artigo sobre seu aprendizado A `tag` `article` devem ser utilizadas",
              "timedOut": null,
              "duration": 78,
              "state": "passed",
              "speed": "slow",
              "pass": true,
              "fail": false,
              "pending": false,
              "context": null,
              "code": "(0, _ActionBase.shouldExist)('article');",
              "err": {},
              "uuid": "c14d8191-9d92-49d7-9dd7-db049daf804e",
              "parentUUID": "b1af3421-1475-4978-89d0-86ed159b22b7",
              "isHook": false,
              "skipped": false
            },
            {
              "title": "O artigo deve ter mais de 300 caracteres e menos de 600",
              "fullTitle": "8 - Crie um artigo sobre seu aprendizado O artigo deve ter mais de 300 caracteres e menos de 600",
              "timedOut": null,
              "duration": 85,
              "state": "failed",
              "speed": null,
              "pass": false,
              "fail": true,
              "pending": false,
              "context": null,
              "code": "cy.get('article').invoke('text').then(function (text) {\n  expect(text).to.have.length.of.at.most(600);\n  expect(text).to.have.length.of.at.above(300);\n});",
              "err": {
                "message": "AssertionError: expected '\\n                        Projeto Lições Aprendidas\\n                        Olá, meu nome é Felipe, normalmente as pessoas me chamam pelo sobrenome, Lippelt, e sou um\\n                            WebDev aprendiz no curso da Trybe. Este é meu primeiro projeto realizado no curso!\\n                        \\n                         O intuito deste projeto é demonstrar todos os conhecimentos adquiridos até o momento durante\\n                            o\\n                            curso, praticar os seus usos bem como nossa criatividade, além de mostrar o que ainda iremos\\n                            aprender até a conclusão do Bootcamp.\\n                    ' to have a length at most 600 but got 657",
                "estack": "AssertionError: expected '\\n                        Projeto Lições Aprendidas\\n                        Olá, meu nome é Felipe, normalmente as pessoas me chamam pelo sobrenome, Lippelt, e sou um\\n                            WebDev aprendiz no curso da Trybe. Este é meu primeiro projeto realizado no curso!\\n                        \\n                         O intuito deste projeto é demonstrar todos os conhecimentos adquiridos até o momento durante\\n                            o\\n                            curso, praticar os seus usos bem como nossa criatividade, além de mostrar o que ainda iremos\\n                            aprender até a conclusão do Bootcamp.\\n                    ' to have a length at most 600 but got 657\n    at Context.eval (http://localhost:36791/__cypress/tests?p=cypress/integration/project.spec.js:225:41)",
                "diff": "- 657\n+ 600\n"
              },
              "uuid": "4013619d-3219-4fb7-8877-5c58964bc6db",
              "parentUUID": "b1af3421-1475-4978-89d0-86ed159b22b7",
              "isHook": false,
              "skipped": false
            }
          ],
          "suites": [],
          "passes": [
            "c14d8191-9d92-49d7-9dd7-db049daf804e"
          ],
          "failures": [
            "4013619d-3219-4fb7-8877-5c58964bc6db"
          ],
          "pending": [],
          "skipped": [],
          "duration": 163,
          "root": false,
          "rootEmpty": false,
          "_timeout": 2000
        },
        {
          "uuid": "3b440928-4946-4db2-9e2a-c5c2a153cdea",
          "title": "9 - Crie uma seção que conta uma passagem sobre seu aprendizado",
          "fullFile": "",
          "file": "",
          "beforeHooks": [],
          "afterHooks": [],
          "tests": [
            {
              "title": "A `tag` `aside` deve ser utilizada",
              "fullTitle": "9 - Crie uma seção que conta uma passagem sobre seu aprendizado A `tag` `aside` deve ser utilizada",
              "timedOut": null,
              "duration": 67,
              "state": "passed",
              "speed": "medium",
              "pass": true,
              "fail": false,
              "pending": false,
              "context": null,
              "code": "(0, _ActionBase.shouldExist)('aside');",
              "err": {},
              "uuid": "b76296ef-c9b2-4bcd-b0fd-eafe11090656",
              "parentUUID": "3b440928-4946-4db2-9e2a-c5c2a153cdea",
              "isHook": false,
              "skipped": false
            },
            {
              "title": "A seção deve ter mais que 100 caracteres e menos que 300",
              "fullTitle": "9 - Crie uma seção que conta uma passagem sobre seu aprendizado A seção deve ter mais que 100 caracteres e menos que 300",
              "timedOut": null,
              "duration": 67,
              "state": "passed",
              "speed": "medium",
              "pass": true,
              "fail": false,
              "pending": false,
              "context": null,
              "code": "cy.get('aside').invoke('text').then(function (text) {\n  expect(text).to.have.length.of.at.above(100);\n  expect(text).to.have.length.of.at.most(300);\n});",
              "err": {},
              "uuid": "545a8397-ac7e-48d6-bdc0-29df39ec16af",
              "parentUUID": "3b440928-4946-4db2-9e2a-c5c2a153cdea",
              "isHook": false,
              "skipped": false
            }
          ],
          "suites": [],
          "passes": [
            "b76296ef-c9b2-4bcd-b0fd-eafe11090656",
            "545a8397-ac7e-48d6-bdc0-29df39ec16af"
          ],
          "failures": [],
          "pending": [],
          "skipped": [],
          "duration": 134,
          "root": false,
          "rootEmpty": false,
          "_timeout": 2000
        },
        {
          "uuid": "738eff7e-70da-48a8-bf14-ea806edd3caa",
          "title": "10 - Aplique elementos HTML de acordo com o sentido e propósito de cada um deles",
          "fullFile": "",
          "file": "",
          "beforeHooks": [],
          "afterHooks": [],
          "tests": [
            {
              "title": "Validar se a página possui um elemento \"article\"",
              "fullTitle": "10 - Aplique elementos HTML de acordo com o sentido e propósito de cada um deles Validar se a página possui um elemento \"article\"",
              "timedOut": null,
              "duration": 68,
              "state": "passed",
              "speed": "medium",
              "pass": true,
              "fail": false,
              "pending": false,
              "context": null,
              "code": "(0, _ActionBase.shouldExist)('article');",
              "err": {},
              "uuid": "a73be8f4-7d1b-4f16-9145-7abb3abfac0c",
              "parentUUID": "738eff7e-70da-48a8-bf14-ea806edd3caa",
              "isHook": false,
              "skipped": false
            },
            {
              "title": "Validar se a página possui um elemento \"header\"",
              "fullTitle": "10 - Aplique elementos HTML de acordo com o sentido e propósito de cada um deles Validar se a página possui um elemento \"header\"",
              "timedOut": null,
              "duration": 66,
              "state": "passed",
              "speed": "medium",
              "pass": true,
              "fail": false,
              "pending": false,
              "context": null,
              "code": "(0, _ActionBase.shouldExist)('header');",
              "err": {},
              "uuid": "c666ba4b-690d-41f4-837f-0d1570f4ebe8",
              "parentUUID": "738eff7e-70da-48a8-bf14-ea806edd3caa",
              "isHook": false,
              "skipped": false
            },
            {
              "title": "Validar se a página possui um elemento \"nav\"",
              "fullTitle": "10 - Aplique elementos HTML de acordo com o sentido e propósito de cada um deles Validar se a página possui um elemento \"nav\"",
              "timedOut": null,
              "duration": 62,
              "state": "passed",
              "speed": "medium",
              "pass": true,
              "fail": false,
              "pending": false,
              "context": null,
              "code": "(0, _ActionBase.shouldExist)('nav');",
              "err": {},
              "uuid": "bd2a72fa-99b6-4d31-b4c1-40b1a1925380",
              "parentUUID": "738eff7e-70da-48a8-bf14-ea806edd3caa",
              "isHook": false,
              "skipped": false
            },
            {
              "title": "Validar se a página possui um elemento \"section\"",
              "fullTitle": "10 - Aplique elementos HTML de acordo com o sentido e propósito de cada um deles Validar se a página possui um elemento \"section\"",
              "timedOut": null,
              "duration": 66,
              "state": "passed",
              "speed": "medium",
              "pass": true,
              "fail": false,
              "pending": false,
              "context": null,
              "code": "(0, _ActionBase.shouldExist)('section');",
              "err": {},
              "uuid": "300a7ad5-4d12-46e6-926a-c7f923c159d7",
              "parentUUID": "738eff7e-70da-48a8-bf14-ea806edd3caa",
              "isHook": false,
              "skipped": false
            },
            {
              "title": "Validar se a página possui um elemento \"aside\"",
              "fullTitle": "10 - Aplique elementos HTML de acordo com o sentido e propósito de cada um deles Validar se a página possui um elemento \"aside\"",
              "timedOut": null,
              "duration": 70,
              "state": "passed",
              "speed": "medium",
              "pass": true,
              "fail": false,
              "pending": false,
              "context": null,
              "code": "(0, _ActionBase.shouldExist)('aside');",
              "err": {},
              "uuid": "f8e0fcaa-57e1-4af6-ac6f-7e5a54e4e77a",
              "parentUUID": "738eff7e-70da-48a8-bf14-ea806edd3caa",
              "isHook": false,
              "skipped": false
            },
            {
              "title": "Validar se a página possui um elemento \"footer\"",
              "fullTitle": "10 - Aplique elementos HTML de acordo com o sentido e propósito de cada um deles Validar se a página possui um elemento \"footer\"",
              "timedOut": null,
              "duration": 74,
              "state": "passed",
              "speed": "medium",
              "pass": true,
              "fail": false,
              "pending": false,
              "context": null,
              "code": "(0, _ActionBase.shouldExist)('footer');",
              "err": {},
              "uuid": "818e83e3-0755-4534-b754-2067b00a53f1",
              "parentUUID": "738eff7e-70da-48a8-bf14-ea806edd3caa",
              "isHook": false,
              "skipped": false
            }
          ],
          "suites": [],
          "passes": [
            "a73be8f4-7d1b-4f16-9145-7abb3abfac0c",
            "c666ba4b-690d-41f4-837f-0d1570f4ebe8",
            "bd2a72fa-99b6-4d31-b4c1-40b1a1925380",
            "300a7ad5-4d12-46e6-926a-c7f923c159d7",
            "f8e0fcaa-57e1-4af6-ac6f-7e5a54e4e77a",
            "818e83e3-0755-4534-b754-2067b00a53f1"
          ],
          "failures": [],
          "pending": [],
          "skipped": [],
          "duration": 406,
          "root": false,
          "rootEmpty": false,
          "_timeout": 2000
        },
        {
          "uuid": "d3965d2f-de9d-4e17-b79f-65b55a810568",
          "title": "11 - Teste a semântica da sua página está aprovada pelo site CodeSniffer",
          "fullFile": "",
          "file": "",
          "beforeHooks": [],
          "afterHooks": [],
          "tests": [
            {
              "title": "Seu site deve passar sem problemas na verificação de semântica do site CodeSniffer",
              "fullTitle": "11 - Teste a semântica da sua página está aprovada pelo site CodeSniffer Seu site deve passar sem problemas na verificação de semântica do site CodeSniffer",
              "timedOut": null,
              "duration": 12072,
              "state": "failed",
              "speed": null,
              "pass": false,
              "fail": true,
              "pending": false,
              "context": null,
              "code": "cy.readFile('./index.html').then(function (content) {\n  cy.visit('http://squizlabs.github.io/HTML_CodeSniffer/');\n  cy.get('#runHTMLCS').click();\n  cy.get('#source').invoke('val', content).trigger('input');\n  cy.get('#run-button').click();\n  cy.get('.result-count-errors').contains(/^0$/);\n});",
              "err": {
                "message": "AssertionError: Timed out retrying: Expected to find content: '/^0$/' within the element: <span.result-count.result-count-errors> but never did.",
                "estack": "AssertionError: Timed out retrying: Expected to find content: '/^0$/' within the element: <span.result-count.result-count-errors> but never did.\n    at Context.eval (http://squizlabs.github.io/__cypress/tests?p=cypress/integration/project.spec.js:274:38)",
                "diff": null
              },
              "uuid": "44e083a4-9a5e-4968-ab3f-56d9cdae717e",
              "parentUUID": "d3965d2f-de9d-4e17-b79f-65b55a810568",
              "isHook": false,
              "skipped": false
            }
          ],
          "suites": [],
          "passes": [],
          "failures": [
            "44e083a4-9a5e-4968-ab3f-56d9cdae717e"
          ],
          "pending": [],
          "skipped": [],
          "duration": 12072,
          "root": false,
          "rootEmpty": false,
          "_timeout": 2000
        }
      ],
      "passes": [],
      "failures": [],
      "pending": [],
      "skipped": [],
      "duration": 0,
      "root": true,
      "rootEmpty": true,
      "_timeout": 2000
    }
  ],
  "meta": {
    "mocha": {
      "version": "7.0.1"
    },
    "mochawesome": {
      "options": {
        "quiet": false,
        "reportFilename": "mochawesome",
        "saveHtml": false,
        "saveJson": true,
        "consoleReporter": "spec",
        "useInlineDiffs": false
      },
      "version": "4.1.0"
    },
    "marge": {
      "options": {
        "id": "default",
        "reportDir": "cypress/reports",
        "overwrite": false,
        "html": false,
        "json": true
      },
      "version": "4.1.0"
    }
  }
}